[2026-05-27 12:31:30] [INFO] discord: =====================================
[2026-05-27 12:31:30] [INFO] discord: 🔍 Running System Pre-Flight Checks...
[2026-05-27 12:31:30] [INFO] discord: ✅ Discord API: Token format appears valid.
[2026-05-27 12:31:30] [ERROR] discord: ❌ FFmpeg: NOT FOUND IN PATH!
[2026-05-27 12:31:30] [ERROR] discord: 🔧 FIX: Download FFmpeg (https://ffmpeg.org/download.html) and add it to your System PATH environment variables.
[2026-05-27 12:31:30] [INFO] discord: ✅ yt-dlp: Version 2026.03.17 installed.
[2026-05-27 12:31:30] [INFO] discord: ℹ️ NOTE: yt-dlp updates frequently to bypass YouTube blocks. If streams fail, run: pip install -U yt-dlp
[2026-05-27 12:31:31] [ERROR] discord: ❌ Spotify API: Credentials invalid or failed to connect: http status: 403, code: -1 - https://api.spotify.com/v1/tracks/4cOdK2wGLETKBW3PvgPWqT:
 Active premium subscription required for the owner of the app. When the subscription status changes, it can take a few hours before requests are allowed again., reason: None
[2026-05-27 12:31:31] [ERROR] discord: 🔧 FIX: Verify your SPOTIFY_CLIENT_ID and SPOTIFY_CLIENT_SECRET in the .env file.
[2026-05-27 12:31:31] [INFO] discord: =====================================
[2026-05-27 12:31:31] [INFO] discord.client: logging in using static token
[2026-05-27 12:31:32] [INFO] discord: Setting up cogs...
[2026-05-27 12:31:32] [ERROR] discord: Failed to load cog events.py: Extension 'cogs.events' raised an error: SyntaxError: unmatched ')' (music.py, line 357)
Traceback (most recent call last):
  File "C:\Users\Administrator\AppData\Local\Programs\Python\Python314\Lib\site-packages\discord\ext\commands\bot.py", line 962, in _load_from_module_spec
    spec.loader.exec_module(lib)  # type: ignore
    ~~~~~~~~~~~~~~~~~~~~~~~^^^^^
  File "<frozen importlib._bootstrap_external>", line 759, in exec_module
  File "<frozen importlib._bootstrap>", line 491, in _call_with_frames_removed
  File "C:\Users\Administrator\Documents\GitHub\bot-discord\cogs\events.py", line 7, in <module>
    import cogs.music
  File "C:\Users\Administrator\Documents\GitHub\bot-discord\cogs\music.py", line 357
    @app_commands.command(name="volume", description="Sets the playback volume (0-100).")e="volume", description="Sets the playback volume (0-100).")
                                                                                                                                                    ^
SyntaxError: unmatched ')'

The above exception was the direct cause of the following exception:

Traceback (most recent call last):
  File "C:\Users\Administrator\Documents\GitHub\bot-discord\main.py", line 60, in setup_hook
    await self.load_extension(f"cogs.{filename[:-3]}")
  File "C:\Users\Administrator\AppData\Local\Programs\Python\Python314\Lib\site-packages\discord\ext\commands\bot.py", line 1040, in load_extension
    await self._load_from_module_spec(spec, name)
  File "C:\Users\Administrator\AppData\Local\Programs\Python\Python314\Lib\site-packages\discord\ext\commands\bot.py", line 965, in _load_from_module_spec
    raise errors.ExtensionFailed(key, e) from e
discord.ext.commands.errors.ExtensionFailed: Extension 'cogs.events' raised an error: SyntaxError: unmatched ')' (music.py, line 357)
[2026-05-27 12:31:32] [ERROR] discord: Failed to load cog music.py: Extension 'cogs.music' raised an error: SyntaxError: unmatched ')' (music.py, line 357)
Traceback (most recent call last):
  File "C:\Users\Administrator\AppData\Local\Programs\Python\Python314\Lib\site-packages\discord\ext\commands\bot.py", line 962, in _load_from_module_spec
    spec.loader.exec_module(lib)  # type: ignore
    ~~~~~~~~~~~~~~~~~~~~~~~^^^^^
  File "<frozen importlib._bootstrap_external>", line 755, in exec_module
  File "<frozen importlib._bootstrap_external>", line 893, in get_code
  File "<frozen importlib._bootstrap_external>", line 823, in source_to_code
  File "<frozen importlib._bootstrap>", line 491, in _call_with_frames_removed
  File "C:\Users\Administrator\Documents\GitHub\bot-discord\cogs\music.py", line 357
    @app_commands.command(name="volume", description="Sets the playback volume (0-100).")e="volume", description="Sets the playback volume (0-100).")
                                                                                                                                                    ^
SyntaxError: unmatched ')'

The above exception was the direct cause of the following exception:

Traceback (most recent call last):
  File "C:\Users\Administrator\Documents\GitHub\bot-discord\main.py", line 60, in setup_hook
    await self.load_extension(f"cogs.{filename[:-3]}")
  File "C:\Users\Administrator\AppData\Local\Programs\Python\Python314\Lib\site-packages\discord\ext\commands\bot.py", line 1040, in load_extension
    await self._load_from_module_spec(spec, name)
  File "C:\Users\Administrator\AppData\Local\Programs\Python\Python314\Lib\site-packages\discord\ext\commands\bot.py", line 965, in _load_from_module_spec
    raise errors.ExtensionFailed(key, e) from e
discord.ext.commands.errors.ExtensionFailed: Extension 'cogs.music' raised an error: SyntaxError: unmatched ')' (music.py, line 357)
[2026-05-27 12:31:32] [INFO] discord: Syncing slash commands globally...
[2026-05-27 12:31:32] [INFO] discord: Successfully synced 0 slash command(s).
[2026-05-27 12:31:33] [INFO] discord: Initiating graceful shutdown...
[2026-05-27 12:31:33] [INFO] discord: Closing bot connection to Discord...
[2026-05-27 12:31:33] [INFO] discord: Bot offline. Goodbye!
[2026-05-27 12:31:33] [CRITICAL] discord: Fatal error while running bot: Shard ID None is requesting privileged intents that have not been explicitly enabled in the developer portal. It is recommended to go to https://discord.com/developers/applications/ and explicitly enable the privileged intents within your application's page. If this is not possible, then consider disabling the privileged intents instead.
Traceback (most recent call last):
  File "C:\Users\Administrator\Documents\GitHub\bot-discord\main.py", line 141, in <module>
    bot.run(DISCORD_TOKEN, log_handler=None)
    ~~~~~~~^^^^^^^^^^^^^^^^^^^^^^^^^^^^^^^^^
  File "C:\Users\Administrator\AppData\Local\Programs\Python\Python314\Lib\site-packages\discord\client.py", line 933, in run
    asyncio.run(runner())
    ~~~~~~~~~~~^^^^^^^^^^
  File "C:\Users\Administrator\AppData\Local\Programs\Python\Python314\Lib\asyncio\runners.py", line 204, in run
    return runner.run(main)
           ~~~~~~~~~~^^^^^^
  File "C:\Users\Administrator\AppData\Local\Programs\Python\Python314\Lib\asyncio\runners.py", line 127, in run
    return self._loop.run_until_complete(task)
           ~~~~~~~~~~~~~~~~~~~~~~~~~~~~~^^^^^^
  File "C:\Users\Administrator\AppData\Local\Programs\Python\Python314\Lib\asyncio\base_events.py", line 719, in run_until_complete
    return future.result()
           ~~~~~~~~~~~~~^^
  File "C:\Users\Administrator\AppData\Local\Programs\Python\Python314\Lib\site-packages\discord\client.py", line 922, in runner
    await self.start(token, reconnect=reconnect)
  File "C:\Users\Administrator\AppData\Local\Programs\Python\Python314\Lib\site-packages\discord\client.py", line 851, in start
    await self.connect(reconnect=reconnect)
  File "C:\Users\Administrator\AppData\Local\Programs\Python\Python314\Lib\site-packages\discord\client.py", line 775, in connect
    raise PrivilegedIntentsRequired(exc.shard_id) from None
discord.errors.PrivilegedIntentsRequired: Shard ID None is requesting privileged intents that have not been explicitly enabled in the developer portal. It is recommended to go to https://discord.com/developers/applications/ and explicitly enable the privileged intents within your application's page. If this is not possible, then consider disabling the privileged intents instead.
[2026-05-27 12:32:00] [INFO] discord: =====================================
[2026-05-27 12:32:00] [INFO] discord: 🔍 Running System Pre-Flight Checks...
[2026-05-27 12:32:00] [INFO] discord: ✅ Discord API: Token format appears valid.
[2026-05-27 12:32:00] [ERROR] discord: ❌ FFmpeg: NOT FOUND IN PATH!
[2026-05-27 12:32:00] [ERROR] discord: 🔧 FIX: Download FFmpeg (https://ffmpeg.org/download.html) and add it to your System PATH environment variables.
[2026-05-27 12:32:00] [INFO] discord: ✅ yt-dlp: Version 2026.03.17 installed.
[2026-05-27 12:32:00] [INFO] discord: ℹ️ NOTE: yt-dlp updates frequently to bypass YouTube blocks. If streams fail, run: pip install -U yt-dlp
[2026-05-27 12:32:01] [ERROR] discord: ❌ Spotify API: Credentials invalid or failed to connect: http status: 403, code: -1 - https://api.spotify.com/v1/tracks/4cOdK2wGLETKBW3PvgPWqT:
 Active premium subscription required for the owner of the app. When the subscription status changes, it can take a few hours before requests are allowed again., reason: None
[2026-05-27 12:32:01] [ERROR] discord: 🔧 FIX: Verify your SPOTIFY_CLIENT_ID and SPOTIFY_CLIENT_SECRET in the .env file.
[2026-05-27 12:32:01] [INFO] discord: =====================================
[2026-05-27 12:32:01] [INFO] discord.client: logging in using static token
[2026-05-27 12:32:01] [INFO] discord: Setting up cogs...
[2026-05-27 12:32:01] [ERROR] discord: Failed to load cog events.py: Extension 'cogs.events' raised an error: SyntaxError: unmatched ')' (music.py, line 357)
Traceback (most recent call last):
  File "C:\Users\Administrator\AppData\Local\Programs\Python\Python314\Lib\site-packages\discord\ext\commands\bot.py", line 962, in _load_from_module_spec
    spec.loader.exec_module(lib)  # type: ignore
    ~~~~~~~~~~~~~~~~~~~~~~~^^^^^
  File "<frozen importlib._bootstrap_external>", line 759, in exec_module
  File "<frozen importlib._bootstrap>", line 491, in _call_with_frames_removed
  File "C:\Users\Administrator\Documents\GitHub\bot-discord\cogs\events.py", line 7, in <module>
    import cogs.music
  File "C:\Users\Administrator\Documents\GitHub\bot-discord\cogs\music.py", line 357
    @app_commands.command(name="volume", description="Sets the playback volume (0-100).")e="volume", description="Sets the playback volume (0-100).")
                                                                                                                                                    ^
SyntaxError: unmatched ')'

The above exception was the direct cause of the following exception:

Traceback (most recent call last):
  File "C:\Users\Administrator\Documents\GitHub\bot-discord\main.py", line 60, in setup_hook
    await self.load_extension(f"cogs.{filename[:-3]}")
  File "C:\Users\Administrator\AppData\Local\Programs\Python\Python314\Lib\site-packages\discord\ext\commands\bot.py", line 1040, in load_extension
    await self._load_from_module_spec(spec, name)
  File "C:\Users\Administrator\AppData\Local\Programs\Python\Python314\Lib\site-packages\discord\ext\commands\bot.py", line 965, in _load_from_module_spec
    raise errors.ExtensionFailed(key, e) from e
discord.ext.commands.errors.ExtensionFailed: Extension 'cogs.events' raised an error: SyntaxError: unmatched ')' (music.py, line 357)
[2026-05-27 12:32:01] [ERROR] discord: Failed to load cog music.py: Extension 'cogs.music' raised an error: SyntaxError: unmatched ')' (music.py, line 357)
Traceback (most recent call last):
  File "C:\Users\Administrator\AppData\Local\Programs\Python\Python314\Lib\site-packages\discord\ext\commands\bot.py", line 962, in _load_from_module_spec
    spec.loader.exec_module(lib)  # type: ignore
    ~~~~~~~~~~~~~~~~~~~~~~~^^^^^
  File "<frozen importlib._bootstrap_external>", line 755, in exec_module
  File "<frozen importlib._bootstrap_external>", line 893, in get_code
  File "<frozen importlib._bootstrap_external>", line 823, in source_to_code
  File "<frozen importlib._bootstrap>", line 491, in _call_with_frames_removed
  File "C:\Users\Administrator\Documents\GitHub\bot-discord\cogs\music.py", line 357
    @app_commands.command(name="volume", description="Sets the playback volume (0-100).")e="volume", description="Sets the playback volume (0-100).")
                                                                                                                                                    ^
SyntaxError: unmatched ')'

The above exception was the direct cause of the following exception:

Traceback (most recent call last):
  File "C:\Users\Administrator\Documents\GitHub\bot-discord\main.py", line 60, in setup_hook
    await self.load_extension(f"cogs.{filename[:-3]}")
  File "C:\Users\Administrator\AppData\Local\Programs\Python\Python314\Lib\site-packages\discord\ext\commands\bot.py", line 1040, in load_extension
    await self._load_from_module_spec(spec, name)
  File "C:\Users\Administrator\AppData\Local\Programs\Python\Python314\Lib\site-packages\discord\ext\commands\bot.py", line 965, in _load_from_module_spec
    raise errors.ExtensionFailed(key, e) from e
discord.ext.commands.errors.ExtensionFailed: Extension 'cogs.music' raised an error: SyntaxError: unmatched ')' (music.py, line 357)
[2026-05-27 12:32:01] [INFO] discord: Syncing slash commands globally...
[2026-05-27 12:32:32] [INFO] discord: Successfully synced 0 slash command(s).
[2026-05-27 12:32:34] [INFO] discord: Initiating graceful shutdown...
[2026-05-27 12:32:34] [INFO] discord: Closing bot connection to Discord...
[2026-05-27 12:32:34] [INFO] discord: Bot offline. Goodbye!
[2026-05-27 12:32:34] [CRITICAL] discord: Fatal error while running bot: Shard ID None is requesting privileged intents that have not been explicitly enabled in the developer portal. It is recommended to go to https://discord.com/developers/applications/ and explicitly enable the privileged intents within your application's page. If this is not possible, then consider disabling the privileged intents instead.
Traceback (most recent call last):
  File "C:\Users\Administrator\Documents\GitHub\bot-discord\main.py", line 141, in <module>
    bot.run(DISCORD_TOKEN, log_handler=None)
    ~~~~~~~^^^^^^^^^^^^^^^^^^^^^^^^^^^^^^^^^
  File "C:\Users\Administrator\AppData\Local\Programs\Python\Python314\Lib\site-packages\discord\client.py", line 933, in run
    asyncio.run(runner())
    ~~~~~~~~~~~^^^^^^^^^^
  File "C:\Users\Administrator\AppData\Local\Programs\Python\Python314\Lib\asyncio\runners.py", line 204, in run
    return runner.run(main)
           ~~~~~~~~~~^^^^^^
  File "C:\Users\Administrator\AppData\Local\Programs\Python\Python314\Lib\asyncio\runners.py", line 127, in run
    return self._loop.run_until_complete(task)
           ~~~~~~~~~~~~~~~~~~~~~~~~~~~~~^^^^^^
  File "C:\Users\Administrator\AppData\Local\Programs\Python\Python314\Lib\asyncio\base_events.py", line 719, in run_until_complete
    return future.result()
           ~~~~~~~~~~~~~^^
  File "C:\Users\Administrator\AppData\Local\Programs\Python\Python314\Lib\site-packages\discord\client.py", line 922, in runner
    await self.start(token, reconnect=reconnect)
  File "C:\Users\Administrator\AppData\Local\Programs\Python\Python314\Lib\site-packages\discord\client.py", line 851, in start
    await self.connect(reconnect=reconnect)
  File "C:\Users\Administrator\AppData\Local\Programs\Python\Python314\Lib\site-packages\discord\client.py", line 775, in connect
    raise PrivilegedIntentsRequired(exc.shard_id) from None
discord.errors.PrivilegedIntentsRequired: Shard ID None is requesting privileged intents that have not been explicitly enabled in the developer portal. It is recommended to go to https://discord.com/developers/applications/ and explicitly enable the privileged intents within your application's page. If this is not possible, then consider disabling the privileged intents instead.
[2026-05-27 12:33:01] [INFO] discord: =====================================
[2026-05-27 12:33:01] [INFO] discord: 🔍 Running System Pre-Flight Checks...
[2026-05-27 12:33:01] [INFO] discord: ✅ Discord API: Token format appears valid.
[2026-05-27 12:33:01] [ERROR] discord: ❌ FFmpeg: NOT FOUND IN PATH!
[2026-05-27 12:33:01] [ERROR] discord: 🔧 FIX: Download FFmpeg (https://ffmpeg.org/download.html) and add it to your System PATH environment variables.
[2026-05-27 12:33:01] [INFO] discord: ✅ yt-dlp: Version 2026.03.17 installed.
[2026-05-27 12:33:01] [INFO] discord: ℹ️ NOTE: yt-dlp updates frequently to bypass YouTube blocks. If streams fail, run: pip install -U yt-dlp
[2026-05-27 12:33:01] [ERROR] discord: ❌ Spotify API: Credentials invalid or failed to connect: http status: 403, code: -1 - https://api.spotify.com/v1/tracks/4cOdK2wGLETKBW3PvgPWqT:
 Active premium subscription required for the owner of the app. When the subscription status changes, it can take a few hours before requests are allowed again., reason: None
[2026-05-27 12:33:01] [ERROR] discord: 🔧 FIX: Verify your SPOTIFY_CLIENT_ID and SPOTIFY_CLIENT_SECRET in the .env file.
[2026-05-27 12:33:01] [INFO] discord: =====================================
[2026-05-27 12:33:01] [INFO] discord.client: logging in using static token
[2026-05-27 12:33:02] [INFO] discord: Setting up cogs...
[2026-05-27 12:33:02] [ERROR] discord: Failed to load cog events.py: Extension 'cogs.events' raised an error: SyntaxError: unmatched ')' (music.py, line 357)
Traceback (most recent call last):
  File "C:\Users\Administrator\AppData\Local\Programs\Python\Python314\Lib\site-packages\discord\ext\commands\bot.py", line 962, in _load_from_module_spec
    spec.loader.exec_module(lib)  # type: ignore
    ~~~~~~~~~~~~~~~~~~~~~~~^^^^^
  File "<frozen importlib._bootstrap_external>", line 759, in exec_module
  File "<frozen importlib._bootstrap>", line 491, in _call_with_frames_removed
  File "C:\Users\Administrator\Documents\GitHub\bot-discord\cogs\events.py", line 7, in <module>
    import cogs.music
  File "C:\Users\Administrator\Documents\GitHub\bot-discord\cogs\music.py", line 357
    @app_commands.command(name="volume", description="Sets the playback volume (0-100).")e="volume", description="Sets the playback volume (0-100).")
                                                                                                                                                    ^
SyntaxError: unmatched ')'

The above exception was the direct cause of the following exception:

Traceback (most recent call last):
  File "C:\Users\Administrator\Documents\GitHub\bot-discord\main.py", line 60, in setup_hook
    await self.load_extension(f"cogs.{filename[:-3]}")
  File "C:\Users\Administrator\AppData\Local\Programs\Python\Python314\Lib\site-packages\discord\ext\commands\bot.py", line 1040, in load_extension
    await self._load_from_module_spec(spec, name)
  File "C:\Users\Administrator\AppData\Local\Programs\Python\Python314\Lib\site-packages\discord\ext\commands\bot.py", line 965, in _load_from_module_spec
    raise errors.ExtensionFailed(key, e) from e
discord.ext.commands.errors.ExtensionFailed: Extension 'cogs.events' raised an error: SyntaxError: unmatched ')' (music.py, line 357)
[2026-05-27 12:33:02] [ERROR] discord: Failed to load cog music.py: Extension 'cogs.music' raised an error: SyntaxError: unmatched ')' (music.py, line 357)
Traceback (most recent call last):
  File "C:\Users\Administrator\AppData\Local\Programs\Python\Python314\Lib\site-packages\discord\ext\commands\bot.py", line 962, in _load_from_module_spec
    spec.loader.exec_module(lib)  # type: ignore
    ~~~~~~~~~~~~~~~~~~~~~~~^^^^^
  File "<frozen importlib._bootstrap_external>", line 755, in exec_module
  File "<frozen importlib._bootstrap_external>", line 893, in get_code
  File "<frozen importlib._bootstrap_external>", line 823, in source_to_code
  File "<frozen importlib._bootstrap>", line 491, in _call_with_frames_removed
  File "C:\Users\Administrator\Documents\GitHub\bot-discord\cogs\music.py", line 357
    @app_commands.command(name="volume", description="Sets the playback volume (0-100).")e="volume", description="Sets the playback volume (0-100).")
                                                                                                                                                    ^
SyntaxError: unmatched ')'

The above exception was the direct cause of the following exception:

Traceback (most recent call last):
  File "C:\Users\Administrator\Documents\GitHub\bot-discord\main.py", line 60, in setup_hook
    await self.load_extension(f"cogs.{filename[:-3]}")
  File "C:\Users\Administrator\AppData\Local\Programs\Python\Python314\Lib\site-packages\discord\ext\commands\bot.py", line 1040, in load_extension
    await self._load_from_module_spec(spec, name)
  File "C:\Users\Administrator\AppData\Local\Programs\Python\Python314\Lib\site-packages\discord\ext\commands\bot.py", line 965, in _load_from_module_spec
    raise errors.ExtensionFailed(key, e) from e
discord.ext.commands.errors.ExtensionFailed: Extension 'cogs.music' raised an error: SyntaxError: unmatched ')' (music.py, line 357)
[2026-05-27 12:33:02] [INFO] discord: Syncing slash commands globally...
[2026-05-27 12:33:02] [INFO] discord: Successfully synced 0 slash command(s).
[2026-05-27 12:33:03] [INFO] discord.gateway: Shard ID None has connected to Gateway (Session ID: e87ebda71ba52713bccbfe3a47f83657).
[2026-05-27 12:33:05] [INFO] discord: =====================================
[2026-05-27 12:33:05] [INFO] discord: Logged in as Eq's Bot (ID: 1509065764571840643)
[2026-05-27 12:33:05] [INFO] discord: discord.py Version: 2.7.1
[2026-05-27 12:33:05] [INFO] discord: =====================================
[2026-05-27 12:34:44] [INFO] discord: Initiating graceful shutdown...
[2026-05-27 12:34:44] [INFO] discord: Closing bot connection to Discord...
[2026-05-27 12:34:44] [INFO] discord: Bot offline. Goodbye!
[2026-05-27 12:40:13] [INFO] discord: =====================================
[2026-05-27 12:40:13] [INFO] discord: 🔍 Running System Pre-Flight Checks...
[2026-05-27 12:40:13] [INFO] discord: ✅ Discord API: Token format appears valid.
[2026-05-27 12:40:13] [ERROR] discord: ❌ FFmpeg: NOT FOUND IN PATH!
[2026-05-27 12:40:13] [ERROR] discord: 🔧 FIX: Download FFmpeg (https://ffmpeg.org/download.html) and add it to your System PATH environment variables.
[2026-05-27 12:40:13] [INFO] discord: ✅ yt-dlp: Version 2026.03.17 installed.
[2026-05-27 12:40:13] [INFO] discord: ℹ️ NOTE: yt-dlp updates frequently to bypass YouTube blocks. If streams fail, run: pip install -U yt-dlp
[2026-05-27 12:40:13] [ERROR] discord: ❌ Spotify API: Credentials invalid or failed to connect: http status: 403, code: -1 - https://api.spotify.com/v1/tracks/4cOdK2wGLETKBW3PvgPWqT:
 Active premium subscription required for the owner of the app. When the subscription status changes, it can take a few hours before requests are allowed again., reason: None
[2026-05-27 12:40:13] [ERROR] discord: 🔧 FIX: Verify your SPOTIFY_CLIENT_ID and SPOTIFY_CLIENT_SECRET in the .env file.
[2026-05-27 12:40:13] [INFO] discord: =====================================
[2026-05-27 12:40:13] [INFO] discord.client: logging in using static token
[2026-05-27 12:40:14] [INFO] discord: Setting up cogs...
[2026-05-27 12:40:14] [ERROR] discord: Failed to load cog events.py: Extension 'cogs.events' raised an error: SyntaxError: unmatched ')' (music.py, line 357)
Traceback (most recent call last):
  File "C:\Users\Administrator\AppData\Local\Programs\Python\Python314\Lib\site-packages\discord\ext\commands\bot.py", line 962, in _load_from_module_spec
    spec.loader.exec_module(lib)  # type: ignore
    ~~~~~~~~~~~~~~~~~~~~~~~^^^^^
  File "<frozen importlib._bootstrap_external>", line 759, in exec_module
  File "<frozen importlib._bootstrap>", line 491, in _call_with_frames_removed
  File "C:\Users\Administrator\Documents\GitHub\bot-discord\cogs\events.py", line 7, in <module>
    import cogs.music
  File "C:\Users\Administrator\Documents\GitHub\bot-discord\cogs\music.py", line 357
    @app_commands.command(name="volume", description="Sets the playback volume (0-100).")e="volume", description="Sets the playback volume (0-100).")
                                                                                                                                                    ^
SyntaxError: unmatched ')'

The above exception was the direct cause of the following exception:

Traceback (most recent call last):
  File "C:\Users\Administrator\Documents\GitHub\bot-discord\main.py", line 61, in setup_hook
    await self.load_extension(f"cogs.{filename[:-3]}")
  File "C:\Users\Administrator\AppData\Local\Programs\Python\Python314\Lib\site-packages\discord\ext\commands\bot.py", line 1040, in load_extension
    await self._load_from_module_spec(spec, name)
  File "C:\Users\Administrator\AppData\Local\Programs\Python\Python314\Lib\site-packages\discord\ext\commands\bot.py", line 965, in _load_from_module_spec
    raise errors.ExtensionFailed(key, e) from e
discord.ext.commands.errors.ExtensionFailed: Extension 'cogs.events' raised an error: SyntaxError: unmatched ')' (music.py, line 357)
[2026-05-27 12:40:14] [ERROR] discord: Failed to load cog music.py: Extension 'cogs.music' raised an error: SyntaxError: unmatched ')' (music.py, line 357)
Traceback (most recent call last):
  File "C:\Users\Administrator\AppData\Local\Programs\Python\Python314\Lib\site-packages\discord\ext\commands\bot.py", line 962, in _load_from_module_spec
    spec.loader.exec_module(lib)  # type: ignore
    ~~~~~~~~~~~~~~~~~~~~~~~^^^^^
  File "<frozen importlib._bootstrap_external>", line 755, in exec_module
  File "<frozen importlib._bootstrap_external>", line 893, in get_code
  File "<frozen importlib._bootstrap_external>", line 823, in source_to_code
  File "<frozen importlib._bootstrap>", line 491, in _call_with_frames_removed
  File "C:\Users\Administrator\Documents\GitHub\bot-discord\cogs\music.py", line 357
    @app_commands.command(name="volume", description="Sets the playback volume (0-100).")e="volume", description="Sets the playback volume (0-100).")
                                                                                                                                                    ^
SyntaxError: unmatched ')'

The above exception was the direct cause of the following exception:

Traceback (most recent call last):
  File "C:\Users\Administrator\Documents\GitHub\bot-discord\main.py", line 61, in setup_hook
    await self.load_extension(f"cogs.{filename[:-3]}")
  File "C:\Users\Administrator\AppData\Local\Programs\Python\Python314\Lib\site-packages\discord\ext\commands\bot.py", line 1040, in load_extension
    await self._load_from_module_spec(spec, name)
  File "C:\Users\Administrator\AppData\Local\Programs\Python\Python314\Lib\site-packages\discord\ext\commands\bot.py", line 965, in _load_from_module_spec
    raise errors.ExtensionFailed(key, e) from e
discord.ext.commands.errors.ExtensionFailed: Extension 'cogs.music' raised an error: SyntaxError: unmatched ')' (music.py, line 357)
[2026-05-27 12:40:14] [ERROR] discord: Failed to load cog prefix_music.py: Extension 'cogs.prefix_music' raised an error: SyntaxError: unmatched ')' (music.py, line 357)
Traceback (most recent call last):
  File "C:\Users\Administrator\AppData\Local\Programs\Python\Python314\Lib\site-packages\discord\ext\commands\bot.py", line 962, in _load_from_module_spec
    spec.loader.exec_module(lib)  # type: ignore
    ~~~~~~~~~~~~~~~~~~~~~~~^^^^^
  File "<frozen importlib._bootstrap_external>", line 759, in exec_module
  File "<frozen importlib._bootstrap>", line 491, in _call_with_frames_removed
  File "C:\Users\Administrator\Documents\GitHub\bot-discord\cogs\prefix_music.py", line 11, in <module>
    import cogs.music
  File "C:\Users\Administrator\Documents\GitHub\bot-discord\cogs\music.py", line 357
    @app_commands.command(name="volume", description="Sets the playback volume (0-100).")e="volume", description="Sets the playback volume (0-100).")
                                                                                                                                                    ^
SyntaxError: unmatched ')'

The above exception was the direct cause of the following exception:

Traceback (most recent call last):
  File "C:\Users\Administrator\Documents\GitHub\bot-discord\main.py", line 61, in setup_hook
    await self.load_extension(f"cogs.{filename[:-3]}")
  File "C:\Users\Administrator\AppData\Local\Programs\Python\Python314\Lib\site-packages\discord\ext\commands\bot.py", line 1040, in load_extension
    await self._load_from_module_spec(spec, name)
  File "C:\Users\Administrator\AppData\Local\Programs\Python\Python314\Lib\site-packages\discord\ext\commands\bot.py", line 965, in _load_from_module_spec
    raise errors.ExtensionFailed(key, e) from e
discord.ext.commands.errors.ExtensionFailed: Extension 'cogs.prefix_music' raised an error: SyntaxError: unmatched ')' (music.py, line 357)
[2026-05-27 12:40:14] [INFO] discord: Syncing slash commands globally...
[2026-05-27 12:40:14] [INFO] discord: Successfully synced 0 slash command(s).
[2026-05-27 12:40:15] [INFO] discord.gateway: Shard ID None has connected to Gateway (Session ID: 9e87b7af60d7360c0f81348d44afd3e7).
[2026-05-27 12:40:17] [INFO] discord: =====================================
[2026-05-27 12:40:17] [INFO] discord: Logged in as Eq's Bot (ID: 1509065764571840643)
[2026-05-27 12:40:17] [INFO] discord: discord.py Version: 2.7.1
[2026-05-27 12:40:17] [INFO] discord: =====================================
[2026-05-27 12:40:48] [INFO] discord: =====================================
[2026-05-27 12:40:48] [INFO] discord: 🔍 Running System Pre-Flight Checks...
[2026-05-27 12:40:48] [INFO] discord: ✅ Discord API: Token format appears valid.
[2026-05-27 12:40:48] [ERROR] discord: ❌ FFmpeg: NOT FOUND IN PATH!
[2026-05-27 12:40:48] [ERROR] discord: 🔧 FIX: Download FFmpeg (https://ffmpeg.org/download.html) and add it to your System PATH environment variables.
[2026-05-27 12:40:48] [INFO] discord: ✅ yt-dlp: Version 2026.03.17 installed.
[2026-05-27 12:40:48] [INFO] discord: ℹ️ NOTE: yt-dlp updates frequently to bypass YouTube blocks. If streams fail, run: pip install -U yt-dlp
[2026-05-27 12:40:49] [ERROR] discord: ❌ Spotify API: Credentials invalid or failed to connect: http status: 403, code: -1 - https://api.spotify.com/v1/tracks/4cOdK2wGLETKBW3PvgPWqT:
 Active premium subscription required for the owner of the app. When the subscription status changes, it can take a few hours before requests are allowed again., reason: None
[2026-05-27 12:40:49] [ERROR] discord: 🔧 FIX: Verify your SPOTIFY_CLIENT_ID and SPOTIFY_CLIENT_SECRET in the .env file.
[2026-05-27 12:40:49] [INFO] discord: =====================================
[2026-05-27 12:40:49] [INFO] discord.client: logging in using static token
[2026-05-27 12:40:50] [INFO] discord: Setting up cogs...
[2026-05-27 12:40:50] [ERROR] discord: Failed to load cog events.py: Extension 'cogs.events' raised an error: SyntaxError: unmatched ')' (music.py, line 357)
Traceback (most recent call last):
  File "C:\Users\Administrator\AppData\Local\Programs\Python\Python314\Lib\site-packages\discord\ext\commands\bot.py", line 962, in _load_from_module_spec
    spec.loader.exec_module(lib)  # type: ignore
    ~~~~~~~~~~~~~~~~~~~~~~~^^^^^
  File "<frozen importlib._bootstrap_external>", line 759, in exec_module
  File "<frozen importlib._bootstrap>", line 491, in _call_with_frames_removed
  File "C:\Users\Administrator\Documents\GitHub\bot-discord\cogs\events.py", line 7, in <module>
    import cogs.music
  File "C:\Users\Administrator\Documents\GitHub\bot-discord\cogs\music.py", line 357
    @app_commands.command(name="volume", description="Sets the playback volume (0-100).")e="volume", description="Sets the playback volume (0-100).")
                                                                                                                                                    ^
SyntaxError: unmatched ')'

The above exception was the direct cause of the following exception:

Traceback (most recent call last):
  File "C:\Users\Administrator\Documents\GitHub\bot-discord\main.py", line 61, in setup_hook
    await self.load_extension(f"cogs.{filename[:-3]}")
  File "C:\Users\Administrator\AppData\Local\Programs\Python\Python314\Lib\site-packages\discord\ext\commands\bot.py", line 1040, in load_extension
    await self._load_from_module_spec(spec, name)
  File "C:\Users\Administrator\AppData\Local\Programs\Python\Python314\Lib\site-packages\discord\ext\commands\bot.py", line 965, in _load_from_module_spec
    raise errors.ExtensionFailed(key, e) from e
discord.ext.commands.errors.ExtensionFailed: Extension 'cogs.events' raised an error: SyntaxError: unmatched ')' (music.py, line 357)
[2026-05-27 12:40:50] [ERROR] discord: Failed to load cog music.py: Extension 'cogs.music' raised an error: SyntaxError: unmatched ')' (music.py, line 357)
Traceback (most recent call last):
  File "C:\Users\Administrator\AppData\Local\Programs\Python\Python314\Lib\site-packages\discord\ext\commands\bot.py", line 962, in _load_from_module_spec
    spec.loader.exec_module(lib)  # type: ignore
    ~~~~~~~~~~~~~~~~~~~~~~~^^^^^
  File "<frozen importlib._bootstrap_external>", line 755, in exec_module
  File "<frozen importlib._bootstrap_external>", line 893, in get_code
  File "<frozen importlib._bootstrap_external>", line 823, in source_to_code
  File "<frozen importlib._bootstrap>", line 491, in _call_with_frames_removed
  File "C:\Users\Administrator\Documents\GitHub\bot-discord\cogs\music.py", line 357
    @app_commands.command(name="volume", description="Sets the playback volume (0-100).")e="volume", description="Sets the playback volume (0-100).")
                                                                                                                                                    ^
SyntaxError: unmatched ')'

The above exception was the direct cause of the following exception:

Traceback (most recent call last):
  File "C:\Users\Administrator\Documents\GitHub\bot-discord\main.py", line 61, in setup_hook
    await self.load_extension(f"cogs.{filename[:-3]}")
  File "C:\Users\Administrator\AppData\Local\Programs\Python\Python314\Lib\site-packages\discord\ext\commands\bot.py", line 1040, in load_extension
    await self._load_from_module_spec(spec, name)
  File "C:\Users\Administrator\AppData\Local\Programs\Python\Python314\Lib\site-packages\discord\ext\commands\bot.py", line 965, in _load_from_module_spec
    raise errors.ExtensionFailed(key, e) from e
discord.ext.commands.errors.ExtensionFailed: Extension 'cogs.music' raised an error: SyntaxError: unmatched ')' (music.py, line 357)
[2026-05-27 12:40:50] [ERROR] discord: Failed to load cog prefix_music.py: Extension 'cogs.prefix_music' raised an error: SyntaxError: unmatched ')' (music.py, line 357)
Traceback (most recent call last):
  File "C:\Users\Administrator\AppData\Local\Programs\Python\Python314\Lib\site-packages\discord\ext\commands\bot.py", line 962, in _load_from_module_spec
    spec.loader.exec_module(lib)  # type: ignore
    ~~~~~~~~~~~~~~~~~~~~~~~^^^^^
  File "<frozen importlib._bootstrap_external>", line 759, in exec_module
  File "<frozen importlib._bootstrap>", line 491, in _call_with_frames_removed
  File "C:\Users\Administrator\Documents\GitHub\bot-discord\cogs\prefix_music.py", line 11, in <module>
    import cogs.music
  File "C:\Users\Administrator\Documents\GitHub\bot-discord\cogs\music.py", line 357
    @app_commands.command(name="volume", description="Sets the playback volume (0-100).")e="volume", description="Sets the playback volume (0-100).")
                                                                                                                                                    ^
SyntaxError: unmatched ')'

The above exception was the direct cause of the following exception:

Traceback (most recent call last):
  File "C:\Users\Administrator\Documents\GitHub\bot-discord\main.py", line 61, in setup_hook
    await self.load_extension(f"cogs.{filename[:-3]}")
  File "C:\Users\Administrator\AppData\Local\Programs\Python\Python314\Lib\site-packages\discord\ext\commands\bot.py", line 1040, in load_extension
    await self._load_from_module_spec(spec, name)
  File "C:\Users\Administrator\AppData\Local\Programs\Python\Python314\Lib\site-packages\discord\ext\commands\bot.py", line 965, in _load_from_module_spec
    raise errors.ExtensionFailed(key, e) from e
discord.ext.commands.errors.ExtensionFailed: Extension 'cogs.prefix_music' raised an error: SyntaxError: unmatched ')' (music.py, line 357)
[2026-05-27 12:40:50] [INFO] discord: Syncing slash commands globally...
[2026-05-27 12:40:50] [INFO] discord: Successfully synced 0 slash command(s).
[2026-05-27 12:40:51] [INFO] discord.gateway: Shard ID None has connected to Gateway (Session ID: 71d470402d9f68e84759e4b0049e0c50).
[2026-05-27 12:40:52] [INFO] discord: Initiating graceful shutdown...
[2026-05-27 12:40:52] [INFO] discord: Closing bot connection to Discord...
[2026-05-27 12:40:52] [INFO] discord: Bot offline. Goodbye!
[2026-05-27 12:46:01] [INFO] discord: =====================================
[2026-05-27 12:46:01] [INFO] discord: 🔍 Running System Pre-Flight Checks...
[2026-05-27 12:46:01] [INFO] discord: ✅ Discord API: Token format appears valid.
[2026-05-27 12:46:01] [ERROR] discord: ❌ FFmpeg: NOT FOUND IN PATH!
[2026-05-27 12:46:01] [ERROR] discord: 🔧 FIX: Download FFmpeg (https://ffmpeg.org/download.html) and add it to your System PATH environment variables.
[2026-05-27 12:46:01] [INFO] discord: ✅ yt-dlp: Version 2026.03.17 installed.
[2026-05-27 12:46:01] [INFO] discord: ℹ️ NOTE: yt-dlp updates frequently to bypass YouTube blocks. If streams fail, run: pip install -U yt-dlp
[2026-05-27 12:46:01] [ERROR] discord: ❌ Spotify API: Credentials invalid or failed to connect: http status: 403, code: -1 - https://api.spotify.com/v1/tracks/4cOdK2wGLETKBW3PvgPWqT:
 Active premium subscription required for the owner of the app. When the subscription status changes, it can take a few hours before requests are allowed again., reason: None
[2026-05-27 12:46:01] [ERROR] discord: 🔧 FIX: Verify your SPOTIFY_CLIENT_ID and SPOTIFY_CLIENT_SECRET in the .env file.
[2026-05-27 12:46:01] [INFO] discord: =====================================
[2026-05-27 12:46:01] [INFO] discord.client: logging in using static token
[2026-05-27 12:46:02] [INFO] discord: Setting up cogs...
[2026-05-27 12:46:02] [ERROR] discord: Failed to load cog events.py: Extension 'cogs.events' raised an error: SyntaxError: unmatched ')' (music.py, line 357)
Traceback (most recent call last):
  File "C:\Users\Administrator\AppData\Local\Programs\Python\Python314\Lib\site-packages\discord\ext\commands\bot.py", line 962, in _load_from_module_spec
    spec.loader.exec_module(lib)  # type: ignore
    ~~~~~~~~~~~~~~~~~~~~~~~^^^^^
  File "<frozen importlib._bootstrap_external>", line 759, in exec_module
  File "<frozen importlib._bootstrap>", line 491, in _call_with_frames_removed
  File "C:\Users\Administrator\Documents\GitHub\bot-discord\cogs\events.py", line 7, in <module>
    import cogs.music
  File "C:\Users\Administrator\Documents\GitHub\bot-discord\cogs\music.py", line 357
    @app_commands.command(name="volume", description="Sets the playback volume (0-100).")e="volume", description="Sets the playback volume (0-100).")
                                                                                                                                                    ^
SyntaxError: unmatched ')'

The above exception was the direct cause of the following exception:

Traceback (most recent call last):
  File "C:\Users\Administrator\Documents\GitHub\bot-discord\main.py", line 61, in setup_hook
    await self.load_extension(f"cogs.{filename[:-3]}")
  File "C:\Users\Administrator\AppData\Local\Programs\Python\Python314\Lib\site-packages\discord\ext\commands\bot.py", line 1040, in load_extension
    await self._load_from_module_spec(spec, name)
  File "C:\Users\Administrator\AppData\Local\Programs\Python\Python314\Lib\site-packages\discord\ext\commands\bot.py", line 965, in _load_from_module_spec
    raise errors.ExtensionFailed(key, e) from e
discord.ext.commands.errors.ExtensionFailed: Extension 'cogs.events' raised an error: SyntaxError: unmatched ')' (music.py, line 357)
[2026-05-27 12:46:02] [ERROR] discord: Failed to load cog music.py: Extension 'cogs.music' raised an error: SyntaxError: unmatched ')' (music.py, line 357)
Traceback (most recent call last):
  File "C:\Users\Administrator\AppData\Local\Programs\Python\Python314\Lib\site-packages\discord\ext\commands\bot.py", line 962, in _load_from_module_spec
    spec.loader.exec_module(lib)  # type: ignore
    ~~~~~~~~~~~~~~~~~~~~~~~^^^^^
  File "<frozen importlib._bootstrap_external>", line 755, in exec_module
  File "<frozen importlib._bootstrap_external>", line 893, in get_code
  File "<frozen importlib._bootstrap_external>", line 823, in source_to_code
  File "<frozen importlib._bootstrap>", line 491, in _call_with_frames_removed
  File "C:\Users\Administrator\Documents\GitHub\bot-discord\cogs\music.py", line 357
    @app_commands.command(name="volume", description="Sets the playback volume (0-100).")e="volume", description="Sets the playback volume (0-100).")
                                                                                                                                                    ^
SyntaxError: unmatched ')'

The above exception was the direct cause of the following exception:

Traceback (most recent call last):
  File "C:\Users\Administrator\Documents\GitHub\bot-discord\main.py", line 61, in setup_hook
    await self.load_extension(f"cogs.{filename[:-3]}")
  File "C:\Users\Administrator\AppData\Local\Programs\Python\Python314\Lib\site-packages\discord\ext\commands\bot.py", line 1040, in load_extension
    await self._load_from_module_spec(spec, name)
  File "C:\Users\Administrator\AppData\Local\Programs\Python\Python314\Lib\site-packages\discord\ext\commands\bot.py", line 965, in _load_from_module_spec
    raise errors.ExtensionFailed(key, e) from e
discord.ext.commands.errors.ExtensionFailed: Extension 'cogs.music' raised an error: SyntaxError: unmatched ')' (music.py, line 357)
[2026-05-27 12:46:02] [ERROR] discord: Failed to load cog prefix_music.py: Extension 'cogs.prefix_music' raised an error: SyntaxError: unmatched ')' (music.py, line 357)
Traceback (most recent call last):
  File "C:\Users\Administrator\AppData\Local\Programs\Python\Python314\Lib\site-packages\discord\ext\commands\bot.py", line 962, in _load_from_module_spec
    spec.loader.exec_module(lib)  # type: ignore
    ~~~~~~~~~~~~~~~~~~~~~~~^^^^^
  File "<frozen importlib._bootstrap_external>", line 759, in exec_module
  File "<frozen importlib._bootstrap>", line 491, in _call_with_frames_removed
  File "C:\Users\Administrator\Documents\GitHub\bot-discord\cogs\prefix_music.py", line 11, in <module>
    import cogs.music
  File "C:\Users\Administrator\Documents\GitHub\bot-discord\cogs\music.py", line 357
    @app_commands.command(name="volume", description="Sets the playback volume (0-100).")e="volume", description="Sets the playback volume (0-100).")
                                                                                                                                                    ^
SyntaxError: unmatched ')'

The above exception was the direct cause of the following exception:

Traceback (most recent call last):
  File "C:\Users\Administrator\Documents\GitHub\bot-discord\main.py", line 61, in setup_hook
    await self.load_extension(f"cogs.{filename[:-3]}")
  File "C:\Users\Administrator\AppData\Local\Programs\Python\Python314\Lib\site-packages\discord\ext\commands\bot.py", line 1040, in load_extension
    await self._load_from_module_spec(spec, name)
  File "C:\Users\Administrator\AppData\Local\Programs\Python\Python314\Lib\site-packages\discord\ext\commands\bot.py", line 965, in _load_from_module_spec
    raise errors.ExtensionFailed(key, e) from e
discord.ext.commands.errors.ExtensionFailed: Extension 'cogs.prefix_music' raised an error: SyntaxError: unmatched ')' (music.py, line 357)
[2026-05-27 12:46:02] [INFO] discord: Syncing slash commands globally...
[2026-05-27 12:46:02] [INFO] discord: Successfully synced 0 slash command(s).
[2026-05-27 12:46:03] [INFO] discord.gateway: Shard ID None has connected to Gateway (Session ID: 36609f85ac95459b8e048145f1a2e245).
[2026-05-27 12:46:05] [INFO] discord: =====================================
[2026-05-27 12:46:05] [INFO] discord: Logged in as Eq's Bot (ID: 1509065764571840643)
[2026-05-27 12:46:05] [INFO] discord: discord.py Version: 2.7.1
[2026-05-27 12:46:05] [INFO] discord: =====================================
[2026-05-27 12:46:31] [INFO] discord: Initiating graceful shutdown...
[2026-05-27 12:46:31] [INFO] discord: Closing bot connection to Discord...
[2026-05-27 12:46:31] [INFO] discord: Bot offline. Goodbye!
[2026-05-27 12:47:24] [INFO] discord: =====================================
[2026-05-27 12:47:24] [INFO] discord: 🔍 Running System Pre-Flight Checks...
[2026-05-27 12:47:24] [INFO] discord: ✅ Discord API: Token format appears valid.
[2026-05-27 12:47:25] [INFO] discord: ✅ FFmpeg: Found and ready.
[2026-05-27 12:47:25] [INFO] discord: ✅ yt-dlp: Version 2026.03.17 installed.
[2026-05-27 12:47:25] [INFO] discord: ℹ️ NOTE: yt-dlp updates frequently to bypass YouTube blocks. If streams fail, run: pip install -U yt-dlp
[2026-05-27 12:47:25] [ERROR] discord: ❌ Spotify API: Credentials invalid or failed to connect: http status: 403, code: -1 - https://api.spotify.com/v1/tracks/4cOdK2wGLETKBW3PvgPWqT:
 Active premium subscription required for the owner of the app. When the subscription status changes, it can take a few hours before requests are allowed again., reason: None
[2026-05-27 12:47:25] [ERROR] discord: 🔧 FIX: Verify your SPOTIFY_CLIENT_ID and SPOTIFY_CLIENT_SECRET in the .env file.
[2026-05-27 12:47:25] [INFO] discord: =====================================
[2026-05-27 12:47:25] [INFO] discord.client: logging in using static token
[2026-05-27 12:47:26] [INFO] discord: Setting up cogs...
[2026-05-27 12:47:26] [ERROR] discord: Failed to load cog events.py: Extension 'cogs.events' raised an error: SyntaxError: unmatched ')' (music.py, line 357)
Traceback (most recent call last):
  File "C:\Users\Administrator\AppData\Local\Programs\Python\Python314\Lib\site-packages\discord\ext\commands\bot.py", line 962, in _load_from_module_spec
    spec.loader.exec_module(lib)  # type: ignore
    ~~~~~~~~~~~~~~~~~~~~~~~^^^^^
  File "<frozen importlib._bootstrap_external>", line 759, in exec_module
  File "<frozen importlib._bootstrap>", line 491, in _call_with_frames_removed
  File "C:\Users\Administrator\Documents\GitHub\bot-discord\cogs\events.py", line 7, in <module>
    import cogs.music
  File "C:\Users\Administrator\Documents\GitHub\bot-discord\cogs\music.py", line 357
    @app_commands.command(name="volume", description="Sets the playback volume (0-100).")e="volume", description="Sets the playback volume (0-100).")
                                                                                                                                                    ^
SyntaxError: unmatched ')'

The above exception was the direct cause of the following exception:

Traceback (most recent call last):
  File "C:\Users\Administrator\Documents\GitHub\bot-discord\main.py", line 61, in setup_hook
    await self.load_extension(f"cogs.{filename[:-3]}")
  File "C:\Users\Administrator\AppData\Local\Programs\Python\Python314\Lib\site-packages\discord\ext\commands\bot.py", line 1040, in load_extension
    await self._load_from_module_spec(spec, name)
  File "C:\Users\Administrator\AppData\Local\Programs\Python\Python314\Lib\site-packages\discord\ext\commands\bot.py", line 965, in _load_from_module_spec
    raise errors.ExtensionFailed(key, e) from e
discord.ext.commands.errors.ExtensionFailed: Extension 'cogs.events' raised an error: SyntaxError: unmatched ')' (music.py, line 357)
[2026-05-27 12:47:26] [ERROR] discord: Failed to load cog music.py: Extension 'cogs.music' raised an error: SyntaxError: unmatched ')' (music.py, line 357)
Traceback (most recent call last):
  File "C:\Users\Administrator\AppData\Local\Programs\Python\Python314\Lib\site-packages\discord\ext\commands\bot.py", line 962, in _load_from_module_spec
    spec.loader.exec_module(lib)  # type: ignore
    ~~~~~~~~~~~~~~~~~~~~~~~^^^^^
  File "<frozen importlib._bootstrap_external>", line 755, in exec_module
  File "<frozen importlib._bootstrap_external>", line 893, in get_code
  File "<frozen importlib._bootstrap_external>", line 823, in source_to_code
  File "<frozen importlib._bootstrap>", line 491, in _call_with_frames_removed
  File "C:\Users\Administrator\Documents\GitHub\bot-discord\cogs\music.py", line 357
    @app_commands.command(name="volume", description="Sets the playback volume (0-100).")e="volume", description="Sets the playback volume (0-100).")
                                                                                                                                                    ^
SyntaxError: unmatched ')'

The above exception was the direct cause of the following exception:

Traceback (most recent call last):
  File "C:\Users\Administrator\Documents\GitHub\bot-discord\main.py", line 61, in setup_hook
    await self.load_extension(f"cogs.{filename[:-3]}")
  File "C:\Users\Administrator\AppData\Local\Programs\Python\Python314\Lib\site-packages\discord\ext\commands\bot.py", line 1040, in load_extension
    await self._load_from_module_spec(spec, name)
  File "C:\Users\Administrator\AppData\Local\Programs\Python\Python314\Lib\site-packages\discord\ext\commands\bot.py", line 965, in _load_from_module_spec
    raise errors.ExtensionFailed(key, e) from e
discord.ext.commands.errors.ExtensionFailed: Extension 'cogs.music' raised an error: SyntaxError: unmatched ')' (music.py, line 357)
[2026-05-27 12:47:26] [ERROR] discord: Failed to load cog prefix_music.py: Extension 'cogs.prefix_music' raised an error: SyntaxError: unmatched ')' (music.py, line 357)
Traceback (most recent call last):
  File "C:\Users\Administrator\AppData\Local\Programs\Python\Python314\Lib\site-packages\discord\ext\commands\bot.py", line 962, in _load_from_module_spec
    spec.loader.exec_module(lib)  # type: ignore
    ~~~~~~~~~~~~~~~~~~~~~~~^^^^^
  File "<frozen importlib._bootstrap_external>", line 759, in exec_module
  File "<frozen importlib._bootstrap>", line 491, in _call_with_frames_removed
  File "C:\Users\Administrator\Documents\GitHub\bot-discord\cogs\prefix_music.py", line 11, in <module>
    import cogs.music
  File "C:\Users\Administrator\Documents\GitHub\bot-discord\cogs\music.py", line 357
    @app_commands.command(name="volume", description="Sets the playback volume (0-100).")e="volume", description="Sets the playback volume (0-100).")
                                                                                                                                                    ^
SyntaxError: unmatched ')'

The above exception was the direct cause of the following exception:

Traceback (most recent call last):
  File "C:\Users\Administrator\Documents\GitHub\bot-discord\main.py", line 61, in setup_hook
    await self.load_extension(f"cogs.{filename[:-3]}")
  File "C:\Users\Administrator\AppData\Local\Programs\Python\Python314\Lib\site-packages\discord\ext\commands\bot.py", line 1040, in load_extension
    await self._load_from_module_spec(spec, name)
  File "C:\Users\Administrator\AppData\Local\Programs\Python\Python314\Lib\site-packages\discord\ext\commands\bot.py", line 965, in _load_from_module_spec
    raise errors.ExtensionFailed(key, e) from e
discord.ext.commands.errors.ExtensionFailed: Extension 'cogs.prefix_music' raised an error: SyntaxError: unmatched ')' (music.py, line 357)
[2026-05-27 12:47:26] [INFO] discord: Syncing slash commands globally...
[2026-05-27 12:47:26] [INFO] discord: Successfully synced 0 slash command(s).
[2026-05-27 12:47:27] [INFO] discord.gateway: Shard ID None has connected to Gateway (Session ID: 96ee873f630f0721bbe73c3eb286c764).
[2026-05-27 12:47:29] [INFO] discord: =====================================
[2026-05-27 12:47:29] [INFO] discord: Logged in as Eq's Bot (ID: 1509065764571840643)
[2026-05-27 12:47:29] [INFO] discord: discord.py Version: 2.7.1
[2026-05-27 12:47:29] [INFO] discord: =====================================
[2026-05-27 12:49:46] [INFO] discord: Initiating graceful shutdown...
[2026-05-27 12:49:46] [INFO] discord: Closing bot connection to Discord...
[2026-05-27 12:49:46] [INFO] discord: Bot offline. Goodbye!
[2026-05-27 12:52:30] [INFO] discord: =====================================
[2026-05-27 12:52:30] [INFO] discord: 🔍 Running System Pre-Flight Checks...
[2026-05-27 12:52:30] [INFO] discord: ✅ Discord API: Token format appears valid.
[2026-05-27 12:52:30] [INFO] discord: ✅ FFmpeg: Found and ready.
[2026-05-27 12:52:30] [INFO] discord: ✅ yt-dlp: Version 2026.03.17 installed.
[2026-05-27 12:52:30] [INFO] discord: ℹ️ NOTE: yt-dlp updates frequently to bypass YouTube blocks. If streams fail, run: pip install -U yt-dlp
[2026-05-27 12:52:31] [ERROR] discord: ❌ Spotify API: Credentials invalid or failed to connect: http status: 403, code: -1 - https://api.spotify.com/v1/tracks/4cOdK2wGLETKBW3PvgPWqT:
 Active premium subscription required for the owner of the app. When the subscription status changes, it can take a few hours before requests are allowed again., reason: None
[2026-05-27 12:52:31] [ERROR] discord: 🔧 FIX: Verify your SPOTIFY_CLIENT_ID and SPOTIFY_CLIENT_SECRET in the .env file.
[2026-05-27 12:52:31] [INFO] discord: =====================================
[2026-05-27 12:52:31] [INFO] discord.client: logging in using static token
[2026-05-27 12:52:31] [INFO] discord: Setting up cogs...
[2026-05-27 12:52:32] [INFO] discord: Loaded cog: events.py
[2026-05-27 12:52:32] [INFO] discord: Spotify API authenticated successfully.
[2026-05-27 12:52:32] [INFO] discord: Loaded cog: music.py
[2026-05-27 12:52:32] [ERROR] discord: Failed to load cog prefix_music.py: Extension 'cogs.prefix_music' raised an error: TypeError: SpotifyHandler.__init__() missing 2 required positional arguments: 'client_id' and 'client_secret'
Traceback (most recent call last):
  File "C:\Users\Administrator\AppData\Local\Programs\Python\Python314\Lib\site-packages\discord\ext\commands\bot.py", line 974, in _load_from_module_spec
    await setup(self)
  File "C:\Users\Administrator\Documents\GitHub\bot-discord\cogs\prefix_music.py", line 357, in setup
    await bot.add_cog(PrefixMusic(bot))
                      ~~~~~~~~~~~^^^^^
  File "C:\Users\Administrator\Documents\GitHub\bot-discord\cogs\prefix_music.py", line 29, in __init__
    self.spotify = SpotifyHandler()
                   ~~~~~~~~~~~~~~^^
TypeError: SpotifyHandler.__init__() missing 2 required positional arguments: 'client_id' and 'client_secret'

The above exception was the direct cause of the following exception:

Traceback (most recent call last):
  File "C:\Users\Administrator\Documents\GitHub\bot-discord\main.py", line 61, in setup_hook
    await self.load_extension(f"cogs.{filename[:-3]}")
  File "C:\Users\Administrator\AppData\Local\Programs\Python\Python314\Lib\site-packages\discord\ext\commands\bot.py", line 1040, in load_extension
    await self._load_from_module_spec(spec, name)
  File "C:\Users\Administrator\AppData\Local\Programs\Python\Python314\Lib\site-packages\discord\ext\commands\bot.py", line 979, in _load_from_module_spec
    raise errors.ExtensionFailed(key, e) from e
discord.ext.commands.errors.ExtensionFailed: Extension 'cogs.prefix_music' raised an error: TypeError: SpotifyHandler.__init__() missing 2 required positional arguments: 'client_id' and 'client_secret'
[2026-05-27 12:52:32] [INFO] discord: Syncing slash commands globally...
[2026-05-27 12:52:32] [INFO] discord: Successfully synced 14 slash command(s).
[2026-05-27 12:52:33] [INFO] discord.gateway: Shard ID None has connected to Gateway (Session ID: ff25d5af4ed85fe8a0c03b5e17d0b27a).
[2026-05-27 12:52:35] [INFO] discord: =====================================
[2026-05-27 12:52:35] [INFO] discord: Logged in as Eq's Bot (ID: 1509065764571840643)
[2026-05-27 12:52:35] [INFO] discord: discord.py Version: 2.7.1
[2026-05-27 12:52:35] [INFO] discord: =====================================
[2026-05-27 12:52:58] [INFO] discord.voice_state: Connecting to voice...
[2026-05-27 12:52:58] [INFO] discord.voice_state: Starting voice handshake... (connection attempt 1)
[2026-05-27 12:52:59] [INFO] discord.voice_state: Voice handshake complete. Endpoint found: c-sin21-c9ca539d.discord.media:8443
[2026-05-27 12:52:59] [INFO] discord.voice_state: Voice connection complete.
[2026-05-27 12:52:59] [INFO] discord: Spotify API Call: track (Attempt 1/3)
[2026-05-27 12:53:00] [ERROR] discord: Spotify API Exception on attempt 1: http status: 403, code: -1 - https://api.spotify.com/v1/tracks/1LsisG6aoqfsF1r6M4LpMO:
 Active premium subscription required for the owner of the app. When the subscription status changes, it can take a few hours before requests are allowed again., reason: None
[2026-05-27 12:53:01] [INFO] discord: Spotify API Call: track (Attempt 2/3)
[2026-05-27 12:53:01] [ERROR] discord: Spotify API Exception on attempt 2: http status: 403, code: -1 - https://api.spotify.com/v1/tracks/1LsisG6aoqfsF1r6M4LpMO:
 Active premium subscription required for the owner of the app. When the subscription status changes, it can take a few hours before requests are allowed again., reason: None
[2026-05-27 12:53:02] [INFO] discord: Spotify API Call: track (Attempt 3/3)
[2026-05-27 12:53:02] [ERROR] discord: Spotify API Exception on attempt 3: http status: 403, code: -1 - https://api.spotify.com/v1/tracks/1LsisG6aoqfsF1r6M4LpMO:
 Active premium subscription required for the owner of the app. When the subscription status changes, it can take a few hours before requests are allowed again., reason: None
[2026-05-27 12:54:56] [ERROR] discord: App command error from comfortchainn: Command 'queue' raised an exception: NameError: name 'view' is not defined
Traceback (most recent call last):
  File "C:\Users\Administrator\AppData\Local\Programs\Python\Python314\Lib\site-packages\discord\app_commands\commands.py", line 858, in _do_call
    return await self._callback(self.binding, interaction, **params)  # type: ignore
           ^^^^^^^^^^^^^^^^^^^^^^^^^^^^^^^^^^^^^^^^^^^^^^^^^^^^^^^^^
  File "C:\Users\Administrator\Documents\GitHub\bot-discord\cogs\music.py", line 347, in queue
    view = QueueView(list(q.queue))
    
NameError: name 'view' is not defined

The above exception was the direct cause of the following exception:

Traceback (most recent call last):
  File "C:\Users\Administrator\AppData\Local\Programs\Python\Python314\Lib\site-packages\discord\app_commands\tree.py", line 1302, in _call
    await command._invoke_with_namespace(interaction, namespace)
  File "C:\Users\Administrator\AppData\Local\Programs\Python\Python314\Lib\site-packages\discord\app_commands\commands.py", line 884, in _invoke_with_namespace
    return await self._do_call(interaction, transformed_values)
           ^^^^^^^^^^^^^^^^^^^^^^^^^^^^^^^^^^^^^^^^^^^^^^^^^^^^
  File "C:\Users\Administrator\AppData\Local\Programs\Python\Python314\Lib\site-packages\discord\app_commands\commands.py", line 877, in _do_call
    raise CommandInvokeError(self, e) from e
discord.app_commands.errors.CommandInvokeError: Command 'queue' raised an exception: NameError: name 'view' is not defined
[2026-05-27 12:55:03] [ERROR] discord: App command error from comfortchainn: Command 'queue' raised an exception: NameError: name 'view' is not defined
Traceback (most recent call last):
  File "C:\Users\Administrator\AppData\Local\Programs\Python\Python314\Lib\site-packages\discord\app_commands\commands.py", line 858, in _do_call
    return await self._callback(self.binding, interaction, **params)  # type: ignore
           ^^^^^^^^^^^^^^^^^^^^^^^^^^^^^^^^^^^^^^^^^^^^^^^^^^^^^^^^^
  File "C:\Users\Administrator\Documents\GitHub\bot-discord\cogs\music.py", line 347, in queue
    view = QueueView(list(q.queue))
    
NameError: name 'view' is not defined

The above exception was the direct cause of the following exception:

Traceback (most recent call last):
  File "C:\Users\Administrator\AppData\Local\Programs\Python\Python314\Lib\site-packages\discord\app_commands\tree.py", line 1302, in _call
    await command._invoke_with_namespace(interaction, namespace)
  File "C:\Users\Administrator\AppData\Local\Programs\Python\Python314\Lib\site-packages\discord\app_commands\commands.py", line 884, in _invoke_with_namespace
    return await self._do_call(interaction, transformed_values)
           ^^^^^^^^^^^^^^^^^^^^^^^^^^^^^^^^^^^^^^^^^^^^^^^^^^^^
  File "C:\Users\Administrator\AppData\Local\Programs\Python\Python314\Lib\site-packages\discord\app_commands\commands.py", line 877, in _do_call
    raise CommandInvokeError(self, e) from e
discord.app_commands.errors.CommandInvokeError: Command 'queue' raised an exception: NameError: name 'view' is not defined
[2026-05-27 12:57:14] [INFO] discord.player: ffmpeg process 9936 successfully terminated with return code of 0.
[2026-05-27 13:02:23] [INFO] discord.player: ffmpeg process 13900 successfully terminated with return code of 0.
[2026-05-27 13:08:09] [INFO] discord: Initiating graceful shutdown...
[2026-05-27 13:08:09] [INFO] discord: Disconnecting from voice channel in guild 790479858081071134
[2026-05-27 13:08:09] [INFO] discord.voice_state: The voice handshake is being terminated for Channel ID 968065483981066270 (Guild ID 790479858081071134)
[2026-05-27 13:08:13] [INFO] discord: Closing bot connection to Discord...
[2026-05-27 13:08:13] [INFO] discord: Bot offline. Goodbye!
[2026-05-27 13:14:33] [INFO] discord: =====================================
[2026-05-27 13:14:33] [INFO] discord: 🔍 Running System Pre-Flight Checks...
[2026-05-27 13:14:33] [INFO] discord: ✅ Discord API: Token format appears valid.
[2026-05-27 13:14:33] [INFO] discord: ✅ FFmpeg: Found and ready.
[2026-05-27 13:14:33] [INFO] discord: ✅ yt-dlp: Version 2026.03.17 installed.
[2026-05-27 13:14:33] [INFO] discord: ℹ️ NOTE: yt-dlp updates frequently to bypass YouTube blocks. If streams fail, run: pip install -U yt-dlp
[2026-05-27 13:14:33] [ERROR] discord: ❌ Spotify API: Credentials invalid or failed to connect: http status: 403, code: -1 - https://api.spotify.com/v1/tracks/4cOdK2wGLETKBW3PvgPWqT:
 Active premium subscription required for the owner of the app. When the subscription status changes, it can take a few hours before requests are allowed again., reason: None
[2026-05-27 13:14:33] [ERROR] discord: 🔧 FIX: Verify your SPOTIFY_CLIENT_ID and SPOTIFY_CLIENT_SECRET in the .env file.
[2026-05-27 13:14:33] [INFO] discord: =====================================
[2026-05-27 13:14:33] [INFO] discord.client: logging in using static token
[2026-05-27 13:14:34] [INFO] discord: Setting up cogs...
[2026-05-27 13:14:34] [INFO] discord: Loaded cog: events.py
[2026-05-27 13:14:34] [INFO] discord: Spotify API authenticated successfully.
[2026-05-27 13:14:34] [INFO] discord: Loaded cog: music.py
[2026-05-27 13:14:34] [ERROR] discord: Failed to load cog prefix_music.py: Extension 'cogs.prefix_music' raised an error: TypeError: SpotifyHandler.__init__() missing 2 required positional arguments: 'client_id' and 'client_secret'
Traceback (most recent call last):
  File "C:\Users\Administrator\AppData\Local\Programs\Python\Python314\Lib\site-packages\discord\ext\commands\bot.py", line 974, in _load_from_module_spec
    await setup(self)
  File "C:\Users\Administrator\Documents\GitHub\bot-discord\cogs\prefix_music.py", line 357, in setup
    await bot.add_cog(PrefixMusic(bot))
                      ~~~~~~~~~~~^^^^^
  File "C:\Users\Administrator\Documents\GitHub\bot-discord\cogs\prefix_music.py", line 29, in __init__
    self.spotify = SpotifyHandler()
                   ~~~~~~~~~~~~~~^^
TypeError: SpotifyHandler.__init__() missing 2 required positional arguments: 'client_id' and 'client_secret'

The above exception was the direct cause of the following exception:

Traceback (most recent call last):
  File "C:\Users\Administrator\Documents\GitHub\bot-discord\main.py", line 61, in setup_hook
    await self.load_extension(f"cogs.{filename[:-3]}")
  File "C:\Users\Administrator\AppData\Local\Programs\Python\Python314\Lib\site-packages\discord\ext\commands\bot.py", line 1040, in load_extension
    await self._load_from_module_spec(spec, name)
  File "C:\Users\Administrator\AppData\Local\Programs\Python\Python314\Lib\site-packages\discord\ext\commands\bot.py", line 979, in _load_from_module_spec
    raise errors.ExtensionFailed(key, e) from e
discord.ext.commands.errors.ExtensionFailed: Extension 'cogs.prefix_music' raised an error: TypeError: SpotifyHandler.__init__() missing 2 required positional arguments: 'client_id' and 'client_secret'
[2026-05-27 13:14:34] [INFO] discord: Syncing slash commands globally...
[2026-05-27 13:14:35] [INFO] discord: Successfully synced 14 slash command(s).
[2026-05-27 13:14:35] [INFO] discord.gateway: Shard ID None has connected to Gateway (Session ID: 477a76fbe498341a88f6b05111db3f54).
[2026-05-27 13:14:37] [INFO] discord: =====================================
[2026-05-27 13:14:37] [INFO] discord: Logged in as Eq's Bot (ID: 1509065764571840643)
[2026-05-27 13:14:37] [INFO] discord: discord.py Version: 2.7.1
[2026-05-27 13:14:37] [INFO] discord: =====================================
[2026-05-27 13:14:51] [INFO] discord.voice_state: Connecting to voice...
[2026-05-27 13:14:51] [INFO] discord.voice_state: Starting voice handshake... (connection attempt 1)
[2026-05-27 13:14:51] [INFO] discord.voice_state: Voice handshake complete. Endpoint found: c-sin21-c9ca539d.discord.media:8443
[2026-05-27 13:14:51] [INFO] discord.voice_state: Voice connection complete.
[2026-05-27 13:17:40] [INFO] discord.player: ffmpeg process 12024 successfully terminated with return code of 0.
[2026-05-27 13:20:31] [INFO] discord: Initiating graceful shutdown...
[2026-05-27 13:20:31] [INFO] discord: Disconnecting from voice channel in guild 790479858081071134
[2026-05-27 13:20:31] [INFO] discord.voice_state: The voice handshake is being terminated for Channel ID 968065483981066270 (Guild ID 790479858081071134)
[2026-05-27 13:20:31] [INFO] discord.player: ffmpeg process 8548 has not terminated. Waiting to terminate...
[2026-05-27 13:20:31] [ERROR] discord: Error starting playback: Not connected to voice.
[2026-05-27 13:20:31] [INFO] discord.player: ffmpeg process 9580 has not terminated. Waiting to terminate...
[2026-05-27 13:20:31] [INFO] discord.player: ffmpeg process 9580 should have terminated with a return code of 1.
[2026-05-27 13:20:31] [INFO] discord.player: ffmpeg process 8548 should have terminated with a return code of 1.
[2026-05-27 13:20:33] [INFO] discord: Closing bot connection to Discord...
[2026-05-27 13:20:33] [INFO] discord: Bot offline. Goodbye!
[2026-05-27 13:20:37] [INFO] discord: =====================================
[2026-05-27 13:20:37] [INFO] discord: 🔍 Running System Pre-Flight Checks...
[2026-05-27 13:20:37] [INFO] discord: ✅ Discord API: Token format appears valid.
[2026-05-27 13:20:37] [INFO] discord: ✅ FFmpeg: Found and ready.
[2026-05-27 13:20:37] [INFO] discord: ✅ yt-dlp: Version 2026.03.17 installed.
[2026-05-27 13:20:37] [INFO] discord: ℹ️ NOTE: yt-dlp updates frequently to bypass YouTube blocks. If streams fail, run: pip install -U yt-dlp
[2026-05-27 13:20:37] [ERROR] discord: ❌ Spotify API: Credentials invalid or failed to connect: http status: 403, code: -1 - https://api.spotify.com/v1/tracks/4cOdK2wGLETKBW3PvgPWqT:
 Active premium subscription required for the owner of the app. When the subscription status changes, it can take a few hours before requests are allowed again., reason: None
[2026-05-27 13:20:37] [ERROR] discord: 🔧 FIX: Verify your SPOTIFY_CLIENT_ID and SPOTIFY_CLIENT_SECRET in the .env file.
[2026-05-27 13:20:37] [INFO] discord: =====================================
[2026-05-27 13:20:37] [INFO] discord.client: logging in using static token
[2026-05-27 13:20:38] [INFO] discord: Setting up cogs...
[2026-05-27 13:20:39] [INFO] discord: Loaded cog: events.py
[2026-05-27 13:20:39] [INFO] discord: Spotify API authenticated successfully.
[2026-05-27 13:20:39] [INFO] discord: Loaded cog: music.py
[2026-05-27 13:20:39] [INFO] discord: Spotify API authenticated successfully.
[2026-05-27 13:20:39] [INFO] discord: Loaded cog: prefix_music.py
[2026-05-27 13:20:39] [INFO] discord: Syncing slash commands globally...
[2026-05-27 13:20:39] [INFO] discord: Successfully synced 14 slash command(s).
[2026-05-27 13:20:40] [INFO] discord.gateway: Shard ID None has connected to Gateway (Session ID: 71e8a98a5ce7ba16e1dcbe08081a3a44).
[2026-05-27 13:20:42] [INFO] discord: =====================================
[2026-05-27 13:20:42] [INFO] discord: Logged in as Eq's Bot (ID: 1509065764571840643)
[2026-05-27 13:20:42] [INFO] discord: discord.py Version: 2.7.1
[2026-05-27 13:20:42] [INFO] discord: =====================================
[2026-05-27 13:20:48] [INFO] discord.voice_state: Connecting to voice...
[2026-05-27 13:20:48] [INFO] discord.voice_state: Starting voice handshake... (connection attempt 1)
[2026-05-27 13:20:48] [INFO] discord.voice_state: Voice handshake complete. Endpoint found: c-sin21-c9ca539d.discord.media:8443
[2026-05-27 13:20:49] [INFO] discord.voice_state: Voice connection complete.
[2026-05-27 13:20:49] [ERROR] discord: Error extracting audio: YTDLSource.search_youtube() missing 1 required positional argument: 'requester'
Traceback (most recent call last):
  File "C:\Users\Administrator\Documents\GitHub\bot-discord\cogs\prefix_music.py", line 182, in play
    song = YTDLSource.search_youtube(query) if platform == "search" else YTDLSource.from_url(query)
           ~~~~~~~~~~~~~~~~~~~~~~~~~^^^^^^^
TypeError: YTDLSource.search_youtube() missing 1 required positional argument: 'requester'
[2026-05-27 13:22:14] [INFO] discord: Initiating graceful shutdown...
[2026-05-27 13:22:14] [INFO] discord: Disconnecting from voice channel in guild 790479858081071134
[2026-05-27 13:22:14] [INFO] discord.voice_state: The voice handshake is being terminated for Channel ID 968065483981066270 (Guild ID 790479858081071134)
[2026-05-27 13:22:15] [INFO] discord: Closing bot connection to Discord...
[2026-05-27 13:22:15] [INFO] discord: Bot offline. Goodbye!
[2026-05-27 13:23:37] [INFO] discord: =====================================
[2026-05-27 13:23:37] [INFO] discord: 🔍 Running System Pre-Flight Checks...
[2026-05-27 13:23:37] [INFO] discord: ✅ Discord API: Token format appears valid.
[2026-05-27 13:23:37] [INFO] discord: ✅ FFmpeg: Found and ready.
[2026-05-27 13:23:37] [INFO] discord: ✅ yt-dlp: Version 2026.03.17 installed.
[2026-05-27 13:23:37] [INFO] discord: ℹ️ NOTE: yt-dlp updates frequently to bypass YouTube blocks. If streams fail, run: pip install -U yt-dlp
[2026-05-27 13:23:37] [ERROR] discord: ❌ Spotify API: Credentials invalid or failed to connect: http status: 403, code: -1 - https://api.spotify.com/v1/tracks/4cOdK2wGLETKBW3PvgPWqT:
 Active premium subscription required for the owner of the app. When the subscription status changes, it can take a few hours before requests are allowed again., reason: None
[2026-05-27 13:23:37] [ERROR] discord: 🔧 FIX: Verify your SPOTIFY_CLIENT_ID and SPOTIFY_CLIENT_SECRET in the .env file.
[2026-05-27 13:23:37] [INFO] discord: =====================================
[2026-05-27 13:23:37] [INFO] discord.client: logging in using static token
[2026-05-27 13:23:38] [INFO] discord: Setting up cogs...
[2026-05-27 13:23:38] [INFO] discord: Loaded cog: events.py
[2026-05-27 13:23:38] [INFO] discord: Spotify API authenticated successfully.
[2026-05-27 13:23:38] [INFO] discord: Loaded cog: music.py
[2026-05-27 13:23:38] [INFO] discord: Spotify API authenticated successfully.
[2026-05-27 13:23:38] [INFO] discord: Loaded cog: prefix_music.py
[2026-05-27 13:23:38] [INFO] discord: Syncing slash commands globally...
[2026-05-27 13:23:39] [INFO] discord: Successfully synced 14 slash command(s).
[2026-05-27 13:23:40] [INFO] discord.gateway: Shard ID None has connected to Gateway (Session ID: 0a883a47210a0112dddf7c9decf7586e).
[2026-05-27 13:23:42] [INFO] discord: =====================================
[2026-05-27 13:23:42] [INFO] discord: Logged in as Eq's Bot (ID: 1509065764571840643)
[2026-05-27 13:23:42] [INFO] discord: discord.py Version: 2.7.1
[2026-05-27 13:23:42] [INFO] discord: =====================================
[2026-05-27 13:23:49] [INFO] discord.voice_state: Connecting to voice...
[2026-05-27 13:23:49] [INFO] discord.voice_state: Starting voice handshake... (connection attempt 1)
[2026-05-27 13:23:49] [INFO] discord.voice_state: Voice handshake complete. Endpoint found: c-sin21-c9ca539d.discord.media:8443
[2026-05-27 13:23:49] [INFO] discord.voice_state: Voice connection complete.
[2026-05-27 13:23:52] [ERROR] discord: Error starting playback: YTDLSource.from_url() missing 1 required positional argument: 'requester'
[2026-05-27 13:23:52] [ERROR] discord: Error extracting audio: 'MusicQueue' object has no attribute 'pending_next_song'
Traceback (most recent call last):
  File "C:\Users\Administrator\Documents\GitHub\bot-discord\cogs\prefix_music.py", line 76, in start_playback
    source = YTDLSource.from_url(song.url).source
             ~~~~~~~~~~~~~~~~~~~^^^^^^^^^^
TypeError: YTDLSource.from_url() missing 1 required positional argument: 'requester'

During handling of the above exception, another exception occurred:

Traceback (most recent call last):
  File "C:\Users\Administrator\Documents\GitHub\bot-discord\cogs\prefix_music.py", line 204, in play
    self.start_playback(ctx, next_s, q)
    ~~~~~~~~~~~~~~~~~~~^^^^^^^^^^^^^^^^
  File "C:\Users\Administrator\Documents\GitHub\bot-discord\cogs\prefix_music.py", line 88, in start_playback
    self.play_next(ctx)
    ~~~~~~~~~~~~~~^^^^^
  File "C:\Users\Administrator\Documents\GitHub\bot-discord\cogs\prefix_music.py", line 55, in play_next
    next_song = q.pending_next_song if q.pending_next_song else q.skip()
                                       ^^^^^^^^^^^^^^^^^^^
AttributeError: 'MusicQueue' object has no attribute 'pending_next_song'
[2026-05-27 13:25:20] [INFO] discord: Initiating graceful shutdown...
[2026-05-27 13:25:20] [INFO] discord: Disconnecting from voice channel in guild 790479858081071134
[2026-05-27 13:25:20] [INFO] discord.voice_state: The voice handshake is being terminated for Channel ID 968065483981066270 (Guild ID 790479858081071134)
[2026-05-27 13:25:21] [INFO] discord: Closing bot connection to Discord...
[2026-05-27 13:25:21] [INFO] discord: Bot offline. Goodbye!
[2026-05-27 13:27:00] [INFO] discord: =====================================
[2026-05-27 13:27:00] [INFO] discord: 🔍 Running System Pre-Flight Checks...
[2026-05-27 13:27:00] [INFO] discord: ✅ Discord API: Token format appears valid.
[2026-05-27 13:27:01] [INFO] discord: ✅ FFmpeg: Found and ready.
[2026-05-27 13:27:01] [INFO] discord: ✅ yt-dlp: Version 2026.03.17 installed.
[2026-05-27 13:27:01] [INFO] discord: ℹ️ NOTE: yt-dlp updates frequently to bypass YouTube blocks. If streams fail, run: pip install -U yt-dlp
[2026-05-27 13:27:01] [ERROR] discord: ❌ Spotify API: Credentials invalid or failed to connect: http status: 403, code: -1 - https://api.spotify.com/v1/tracks/4cOdK2wGLETKBW3PvgPWqT:
 Active premium subscription required for the owner of the app. When the subscription status changes, it can take a few hours before requests are allowed again., reason: None
[2026-05-27 13:27:01] [ERROR] discord: 🔧 FIX: Verify your SPOTIFY_CLIENT_ID and SPOTIFY_CLIENT_SECRET in the .env file.
[2026-05-27 13:27:01] [INFO] discord: =====================================
[2026-05-27 13:27:01] [INFO] discord.client: logging in using static token
[2026-05-27 13:27:02] [INFO] discord: Setting up cogs...
[2026-05-27 13:27:02] [INFO] discord: Loaded cog: events.py
[2026-05-27 13:27:02] [INFO] discord: Spotify API authenticated successfully.
[2026-05-27 13:27:02] [INFO] discord: Loaded cog: music.py
[2026-05-27 13:27:02] [INFO] discord: Spotify API authenticated successfully.
[2026-05-27 13:27:02] [INFO] discord: Loaded cog: prefix_music.py
[2026-05-27 13:27:02] [INFO] discord: Syncing slash commands globally...
[2026-05-27 13:27:02] [INFO] discord: Successfully synced 14 slash command(s).
[2026-05-27 13:27:04] [INFO] discord.gateway: Shard ID None has connected to Gateway (Session ID: bf1b31fe867d07e65c200cee3a55b931).
[2026-05-27 13:27:06] [INFO] discord: =====================================
[2026-05-27 13:27:06] [INFO] discord: Logged in as Eq's Bot (ID: 1509065764571840643)
[2026-05-27 13:27:06] [INFO] discord: discord.py Version: 2.7.1
[2026-05-27 13:27:06] [INFO] discord: =====================================
[2026-05-27 13:27:22] [INFO] discord.voice_state: Connecting to voice...
[2026-05-27 13:27:22] [INFO] discord.voice_state: Starting voice handshake... (connection attempt 1)
[2026-05-27 13:27:23] [INFO] discord.voice_state: Voice handshake complete. Endpoint found: c-sin20-4fb476e0.discord.media:2087
[2026-05-27 13:27:23] [INFO] discord.voice_state: Voice connection complete.
[2026-05-27 13:27:32] [INFO] discord.player: ffmpeg process 14032 has not terminated. Waiting to terminate...
[2026-05-27 13:27:33] [INFO] discord.player: ffmpeg process 14032 should have terminated with a return code of 1.
[2026-05-27 13:27:45] [INFO] discord.voice_state: The voice handshake is being terminated for Channel ID 1304898533719277568 (Guild ID 790479858081071134)
[2026-05-27 13:32:54] [INFO] discord: Initiating graceful shutdown...
[2026-05-27 13:32:54] [INFO] discord: Closing bot connection to Discord...
[2026-05-27 13:32:54] [INFO] discord: Bot offline. Goodbye!
[2026-05-27 13:32:58] [INFO] discord: =====================================
[2026-05-27 13:32:58] [INFO] discord: 🔍 Running System Pre-Flight Checks...
[2026-05-27 13:32:58] [INFO] discord: ✅ Discord API: Token format appears valid.
[2026-05-27 13:32:59] [INFO] discord: ✅ FFmpeg: Found and ready.
[2026-05-27 13:32:59] [INFO] discord: ✅ yt-dlp: Version 2026.03.17 installed.
[2026-05-27 13:32:59] [INFO] discord: ℹ️ NOTE: yt-dlp updates frequently to bypass YouTube blocks. If streams fail, run: pip install -U yt-dlp
[2026-05-27 13:33:00] [ERROR] discord: ❌ Spotify API: Credentials invalid or failed to connect: http status: 403, code: -1 - https://api.spotify.com/v1/tracks/4cOdK2wGLETKBW3PvgPWqT:
 Active premium subscription required for the owner of the app. When the subscription status changes, it can take a few hours before requests are allowed again., reason: None
[2026-05-27 13:33:00] [ERROR] discord: 🔧 FIX: Verify your SPOTIFY_CLIENT_ID and SPOTIFY_CLIENT_SECRET in the .env file.
[2026-05-27 13:33:00] [INFO] discord: =====================================
[2026-05-27 13:33:00] [INFO] discord.client: logging in using static token
[2026-05-27 13:33:01] [INFO] discord: Setting up cogs...
[2026-05-27 13:33:01] [INFO] discord: Loaded cog: events.py
[2026-05-27 13:33:01] [INFO] discord: Spotify API authenticated successfully.
[2026-05-27 13:33:01] [INFO] discord: Loaded cog: music.py
[2026-05-27 13:33:01] [INFO] discord: Spotify API authenticated successfully.
[2026-05-27 13:33:01] [INFO] discord: Loaded cog: prefix_music.py
[2026-05-27 13:33:01] [INFO] discord: Syncing slash commands globally...
[2026-05-27 13:33:02] [INFO] discord: Successfully synced 15 slash command(s).
[2026-05-27 13:33:02] [INFO] discord.gateway: Shard ID None has connected to Gateway (Session ID: c12327248f090d625e25038ab6c9b644).
[2026-05-27 13:33:04] [INFO] discord: =====================================
[2026-05-27 13:33:05] [INFO] discord: Logged in as Eq's Bot (ID: 1509065764571840643)
[2026-05-27 13:33:05] [INFO] discord: discord.py Version: 2.7.1
[2026-05-27 13:33:05] [INFO] discord: =====================================
[2026-05-27 13:33:57] [ERROR] discord: Prefix command error from comfortchainn: Command raised an exception: AttributeError: 'NoneType' object has no attribute 'is_paused'
[2026-05-27 13:34:13] [INFO] discord.voice_state: Connecting to voice...
[2026-05-27 13:34:13] [INFO] discord.voice_state: Starting voice handshake... (connection attempt 1)
[2026-05-27 13:34:14] [INFO] discord.voice_state: Voice handshake complete. Endpoint found: c-sin21-c9ca539d.discord.media:8443
[2026-05-27 13:34:14] [INFO] discord.voice_state: Voice connection complete.
[2026-05-27 13:37:57] [INFO] discord.player: ffmpeg process 1168 successfully terminated with return code of 0.
[2026-05-27 13:45:59] [INFO] discord.player: ffmpeg process 9020 successfully terminated with return code of 0.
[2026-05-27 13:46:52] [INFO] discord.player: ffmpeg process 12212 has not terminated. Waiting to terminate...
[2026-05-27 13:46:53] [INFO] discord.player: ffmpeg process 12212 should have terminated with a return code of 1.
[2026-05-27 13:47:01] [INFO] discord: Initiating graceful shutdown...
[2026-05-27 13:47:01] [INFO] discord: Disconnecting from voice channel in guild 790479858081071134
[2026-05-27 13:47:01] [INFO] discord.voice_state: The voice handshake is being terminated for Channel ID 968065483981066270 (Guild ID 790479858081071134)
[2026-05-27 13:47:02] [INFO] discord: Closing bot connection to Discord...
[2026-05-27 13:47:02] [INFO] discord: Bot offline. Goodbye!
[2026-05-27 13:47:04] [INFO] discord: =====================================
[2026-05-27 13:47:04] [INFO] discord: 🔍 Running System Pre-Flight Checks...
[2026-05-27 13:47:04] [INFO] discord: ✅ Discord API: Token format appears valid.
[2026-05-27 13:47:05] [INFO] discord: ✅ FFmpeg: Found and ready.
[2026-05-27 13:47:05] [INFO] discord: ✅ yt-dlp: Version 2026.03.17 installed.
[2026-05-27 13:47:05] [INFO] discord: ℹ️ NOTE: yt-dlp updates frequently to bypass YouTube blocks. If streams fail, run: pip install -U yt-dlp
[2026-05-27 13:47:05] [ERROR] discord: ❌ Spotify API: Credentials invalid or failed to connect: http status: 403, code: -1 - https://api.spotify.com/v1/tracks/4cOdK2wGLETKBW3PvgPWqT:
 Active premium subscription required for the owner of the app. When the subscription status changes, it can take a few hours before requests are allowed again., reason: None
[2026-05-27 13:47:05] [ERROR] discord: 🔧 FIX: Verify your SPOTIFY_CLIENT_ID and SPOTIFY_CLIENT_SECRET in the .env file.
[2026-05-27 13:47:05] [WARNING] discord: ⚠️ Genius API token not set. /lyrics command will be unavailable.
[2026-05-27 13:47:05] [INFO] discord: =====================================
[2026-05-27 13:47:05] [INFO] discord.client: logging in using static token
[2026-05-27 13:47:06] [INFO] discord: Setting up cogs...
[2026-05-27 13:47:06] [INFO] discord: Loaded cog: events.py
[2026-05-27 13:47:06] [INFO] discord: Spotify API authenticated successfully.
[2026-05-27 13:47:06] [INFO] discord: Loaded cog: music.py
[2026-05-27 13:47:06] [INFO] discord: Spotify API authenticated successfully.
[2026-05-27 13:47:06] [INFO] discord: Loaded cog: prefix_music.py
[2026-05-27 13:47:06] [INFO] discord: Syncing slash commands globally...
[2026-05-27 13:47:07] [INFO] discord: Successfully synced 16 slash command(s).
[2026-05-27 13:47:08] [INFO] discord.gateway: Shard ID None has connected to Gateway (Session ID: 8d61eb552a48cba8e54252ba0df9822a).
[2026-05-27 13:47:09] [INFO] discord: Initiating graceful shutdown...
[2026-05-27 13:47:09] [INFO] discord: Closing bot connection to Discord...
[2026-05-27 13:47:09] [INFO] discord: Bot offline. Goodbye!
[2026-05-27 13:48:08] [INFO] discord: =====================================
[2026-05-27 13:48:08] [INFO] discord: 🔍 Running System Pre-Flight Checks...
[2026-05-27 13:48:08] [INFO] discord: ✅ Discord API: Token format appears valid.
[2026-05-27 13:48:08] [INFO] discord: ✅ FFmpeg: Found and ready.
[2026-05-27 13:48:08] [INFO] discord: ✅ yt-dlp: Version 2026.03.17 installed.
[2026-05-27 13:48:08] [INFO] discord: ℹ️ NOTE: yt-dlp updates frequently to bypass YouTube blocks. If streams fail, run: pip install -U yt-dlp
[2026-05-27 13:48:08] [ERROR] discord: ❌ Spotify API: Credentials invalid or failed to connect: http status: 403, code: -1 - https://api.spotify.com/v1/tracks/4cOdK2wGLETKBW3PvgPWqT:
 Active premium subscription required for the owner of the app. When the subscription status changes, it can take a few hours before requests are allowed again., reason: None
[2026-05-27 13:48:08] [ERROR] discord: 🔧 FIX: Verify your SPOTIFY_CLIENT_ID and SPOTIFY_CLIENT_SECRET in the .env file.
[2026-05-27 13:48:08] [INFO] discord: ✅ Genius API: Token found.
[2026-05-27 13:48:08] [INFO] discord: =====================================
[2026-05-27 13:48:08] [INFO] discord.client: logging in using static token
[2026-05-27 13:48:09] [INFO] discord: Setting up cogs...
[2026-05-27 13:48:09] [INFO] discord: Loaded cog: events.py
[2026-05-27 13:48:09] [INFO] discord: Spotify API authenticated successfully.
[2026-05-27 13:48:09] [INFO] discord: Loaded cog: music.py
[2026-05-27 13:48:09] [INFO] discord: Spotify API authenticated successfully.
[2026-05-27 13:48:09] [INFO] discord: Loaded cog: prefix_music.py
[2026-05-27 13:48:09] [INFO] discord: Syncing slash commands globally...
[2026-05-27 13:48:10] [INFO] discord: Successfully synced 16 slash command(s).
[2026-05-27 13:48:11] [INFO] discord.gateway: Shard ID None has connected to Gateway (Session ID: 2506ef0aff8a8a4e8666982158859f8a).
[2026-05-27 13:48:13] [INFO] discord: =====================================
[2026-05-27 13:48:13] [INFO] discord: Logged in as Eq's Bot (ID: 1509065764571840643)
[2026-05-27 13:48:13] [INFO] discord: discord.py Version: 2.7.1
[2026-05-27 13:48:13] [INFO] discord: =====================================
[2026-05-27 13:48:13] [INFO] discord.voice_state: Connecting to voice...
[2026-05-27 13:48:13] [INFO] discord.voice_state: Starting voice handshake... (connection attempt 1)
[2026-05-27 13:48:14] [INFO] discord.voice_state: Voice handshake complete. Endpoint found: c-sin21-c9ca539d.discord.media:8443
[2026-05-27 13:48:14] [INFO] discord.voice_state: Voice connection complete.
[2026-05-27 13:51:17] [INFO] discord.player: ffmpeg process 11860 successfully terminated with return code of 0.
[2026-05-27 13:54:53] [INFO] discord.player: ffmpeg process 14052 successfully terminated with return code of 0.
[2026-05-27 13:55:11] [INFO] discord: Initiating graceful shutdown...
[2026-05-27 13:55:11] [INFO] discord: Disconnecting from voice channel in guild 790479858081071134
[2026-05-27 13:55:11] [INFO] discord.voice_state: The voice handshake is being terminated for Channel ID 968065483981066270 (Guild ID 790479858081071134)
[2026-05-27 13:55:13] [INFO] discord: Closing bot connection to Discord...
[2026-05-27 13:55:13] [INFO] discord: Bot offline. Goodbye!
[2026-05-27 13:55:15] [INFO] discord: =====================================
[2026-05-27 13:55:15] [INFO] discord: 🔍 Running System Pre-Flight Checks...
[2026-05-27 13:55:15] [INFO] discord: ✅ Discord API: Token format appears valid.
[2026-05-27 13:55:16] [INFO] discord: ✅ FFmpeg: Found and ready.
[2026-05-27 13:55:16] [INFO] discord: ✅ yt-dlp: Version 2026.03.17 installed.
[2026-05-27 13:55:16] [INFO] discord: ℹ️ NOTE: yt-dlp updates frequently to bypass YouTube blocks. If streams fail, run: pip install -U yt-dlp
[2026-05-27 13:55:16] [ERROR] discord: ❌ Spotify API: Credentials invalid or failed to connect: http status: 403, code: -1 - https://api.spotify.com/v1/tracks/4cOdK2wGLETKBW3PvgPWqT:
 Active premium subscription required for the owner of the app. When the subscription status changes, it can take a few hours before requests are allowed again., reason: None
[2026-05-27 13:55:16] [ERROR] discord: 🔧 FIX: Verify your SPOTIFY_CLIENT_ID and SPOTIFY_CLIENT_SECRET in the .env file.
[2026-05-27 13:55:16] [INFO] discord: ✅ Genius API: Token found.
[2026-05-27 13:55:16] [INFO] discord: =====================================
[2026-05-27 13:55:16] [INFO] discord.client: logging in using static token
[2026-05-27 13:55:17] [INFO] discord: Setting up cogs...
[2026-05-27 13:55:17] [INFO] discord: Loaded cog: events.py
[2026-05-27 13:55:17] [INFO] discord: Spotify API authenticated successfully.
[2026-05-27 13:55:17] [INFO] discord: Loaded cog: music.py
[2026-05-27 13:55:17] [INFO] discord: Spotify API authenticated successfully.
[2026-05-27 13:55:17] [INFO] discord: Loaded cog: prefix_music.py
[2026-05-27 13:55:17] [INFO] discord: Syncing slash commands globally...
[2026-05-27 13:55:18] [INFO] discord: Successfully synced 16 slash command(s).
[2026-05-27 13:55:19] [INFO] discord.gateway: Shard ID None has connected to Gateway (Session ID: f7bdfec6bb99e2d314b9e443eff59d64).
[2026-05-27 13:55:21] [INFO] discord: =====================================
[2026-05-27 13:55:21] [INFO] discord: Logged in as Eq's Bot (ID: 1509065764571840643)
[2026-05-27 13:55:21] [INFO] discord: discord.py Version: 2.7.1
[2026-05-27 13:55:21] [INFO] discord: =====================================
[2026-05-27 13:55:34] [INFO] discord.voice_state: Connecting to voice...
[2026-05-27 13:55:34] [INFO] discord.voice_state: Starting voice handshake... (connection attempt 1)
[2026-05-27 13:55:34] [INFO] discord.voice_state: Voice handshake complete. Endpoint found: c-sin21-c9ca539d.discord.media:8443
[2026-05-27 13:55:34] [INFO] discord.voice_state: Voice connection complete.
[2026-05-27 13:57:28] [INFO] discord.player: ffmpeg process 9564 successfully terminated with return code of 0.
[2026-05-27 14:01:00] [INFO] discord.player: ffmpeg process 296 successfully terminated with return code of 0.
[2026-05-27 14:04:18] [INFO] discord.player: ffmpeg process 13344 successfully terminated with return code of 0.
[2026-05-27 14:07:16] [INFO] discord.player: ffmpeg process 13992 has not terminated. Waiting to terminate...
[2026-05-27 14:07:17] [INFO] discord.player: ffmpeg process 13992 should have terminated with a return code of 1.
[2026-05-27 14:10:06] [INFO] discord.player: ffmpeg process 3296 successfully terminated with return code of 0.
[2026-05-27 14:12:16] [INFO] discord: Initiating graceful shutdown...
[2026-05-27 14:12:16] [INFO] discord: Disconnecting from voice channel in guild 790479858081071134
[2026-05-27 14:12:16] [INFO] discord.voice_state: The voice handshake is being terminated for Channel ID 968065483981066270 (Guild ID 790479858081071134)
[2026-05-27 14:12:17] [INFO] discord: Closing bot connection to Discord...
[2026-05-27 14:12:17] [INFO] discord: Bot offline. Goodbye!
[2026-05-27 14:12:20] [INFO] discord: =====================================
[2026-05-27 14:12:20] [INFO] discord: 🔍 Running System Pre-Flight Checks...
[2026-05-27 14:12:20] [INFO] discord: ✅ Discord API: Token format appears valid.
[2026-05-27 14:12:20] [INFO] discord: ✅ FFmpeg: Found and ready.
[2026-05-27 14:12:20] [INFO] discord: ✅ yt-dlp: Version 2026.03.17 installed.
[2026-05-27 14:12:20] [INFO] discord: ℹ️ NOTE: yt-dlp updates frequently to bypass YouTube blocks. If streams fail, run: pip install -U yt-dlp
[2026-05-27 14:12:21] [ERROR] discord: ❌ Spotify API: Credentials invalid or failed to connect: http status: 403, code: -1 - https://api.spotify.com/v1/tracks/4cOdK2wGLETKBW3PvgPWqT:
 Active premium subscription required for the owner of the app. When the subscription status changes, it can take a few hours before requests are allowed again., reason: None
[2026-05-27 14:12:21] [ERROR] discord: 🔧 FIX: Verify your SPOTIFY_CLIENT_ID and SPOTIFY_CLIENT_SECRET in the .env file.
[2026-05-27 14:12:21] [INFO] discord: ✅ Genius API: Token found.
[2026-05-27 14:12:21] [INFO] discord: =====================================
[2026-05-27 14:12:21] [INFO] discord.client: logging in using static token
[2026-05-27 14:12:21] [INFO] discord: Setting up cogs...
[2026-05-27 14:12:22] [INFO] discord: Loaded cog: events.py
[2026-05-27 14:12:22] [INFO] discord: Spotify API authenticated successfully.
[2026-05-27 14:12:22] [INFO] discord: Loaded cog: music.py
[2026-05-27 14:12:22] [INFO] discord: Spotify API authenticated successfully.
[2026-05-27 14:12:22] [INFO] discord: Loaded cog: prefix_music.py
[2026-05-27 14:12:22] [INFO] discord: Syncing slash commands globally...
[2026-05-27 14:12:22] [INFO] discord: Successfully synced 16 slash command(s).
[2026-05-27 14:12:23] [INFO] discord.gateway: Shard ID None has connected to Gateway (Session ID: 366a921813902728a6cd63d011ffb6df).
[2026-05-27 14:12:25] [INFO] discord: =====================================
[2026-05-27 14:12:25] [INFO] discord: Logged in as Eq's Bot (ID: 1509065764571840643)
[2026-05-27 14:12:25] [INFO] discord: discord.py Version: 2.7.1
[2026-05-27 14:12:25] [INFO] discord: =====================================
[2026-05-27 14:12:56] [INFO] discord.voice_state: Connecting to voice...
[2026-05-27 14:12:56] [INFO] discord.voice_state: Starting voice handshake... (connection attempt 1)
[2026-05-27 14:12:57] [INFO] discord.voice_state: Voice handshake complete. Endpoint found: c-sin21-c9ca539d.discord.media:8443
[2026-05-27 14:12:57] [INFO] discord.voice_state: Voice connection complete.
[2026-05-27 14:15:16] [INFO] discord.player: ffmpeg process 9232 successfully terminated with return code of 0.
[2026-05-27 14:15:51] [INFO] discord: Initiating graceful shutdown...
[2026-05-27 14:15:51] [INFO] discord: Disconnecting from voice channel in guild 790479858081071134
[2026-05-27 14:15:51] [INFO] discord.voice_state: The voice handshake is being terminated for Channel ID 968065483981066270 (Guild ID 790479858081071134)
[2026-05-27 14:15:52] [INFO] discord: Closing bot connection to Discord...
[2026-05-27 14:15:52] [INFO] discord: Bot offline. Goodbye!
[2026-05-27 14:16:13] [INFO] discord: =====================================
[2026-05-27 14:16:13] [INFO] discord: 🔍 Running System Pre-Flight Checks...
[2026-05-27 14:16:13] [INFO] discord: ✅ Discord API: Token format appears valid.
[2026-05-27 14:16:13] [INFO] discord: ✅ FFmpeg: Found and ready.
[2026-05-27 14:16:13] [INFO] discord: ✅ yt-dlp: Version 2026.03.17 installed.
[2026-05-27 14:16:13] [INFO] discord: ℹ️ NOTE: yt-dlp updates frequently to bypass YouTube blocks. If streams fail, run: pip install -U yt-dlp
[2026-05-27 14:16:14] [ERROR] discord: ❌ Spotify API: Credentials invalid or failed to connect: http status: 403, code: -1 - https://api.spotify.com/v1/tracks/4cOdK2wGLETKBW3PvgPWqT:
 Active premium subscription required for the owner of the app. When the subscription status changes, it can take a few hours before requests are allowed again., reason: None
[2026-05-27 14:16:14] [ERROR] discord: 🔧 FIX: Verify your SPOTIFY_CLIENT_ID and SPOTIFY_CLIENT_SECRET in the .env file.
[2026-05-27 14:16:14] [INFO] discord: ✅ Genius API: Token found.
[2026-05-27 14:16:14] [INFO] discord: =====================================
[2026-05-27 14:16:14] [INFO] discord.client: logging in using static token
[2026-05-27 14:16:14] [INFO] discord: Setting up cogs...
[2026-05-27 14:16:15] [INFO] discord: Loaded cog: events.py
[2026-05-27 14:16:15] [INFO] discord: Spotify API authenticated successfully.
[2026-05-27 14:16:15] [INFO] discord: Loaded cog: music.py
[2026-05-27 14:16:15] [INFO] discord: Spotify API authenticated successfully.
[2026-05-27 14:16:15] [INFO] discord: Loaded cog: prefix_music.py
[2026-05-27 14:16:15] [INFO] discord: Syncing slash commands globally...
[2026-05-27 14:16:16] [INFO] discord: Successfully synced 16 slash command(s).
[2026-05-27 14:16:16] [INFO] discord.gateway: Shard ID None has connected to Gateway (Session ID: d302ee491e579c97fd2ffefdab8ebcfd).
[2026-05-27 14:16:18] [INFO] discord: =====================================
[2026-05-27 14:16:18] [INFO] discord: Logged in as Eq's Bot (ID: 1509065764571840643)
[2026-05-27 14:16:18] [INFO] discord: discord.py Version: 2.7.1
[2026-05-27 14:16:18] [INFO] discord: =====================================
[2026-05-27 14:16:32] [INFO] discord.voice_state: Connecting to voice...
[2026-05-27 14:16:32] [INFO] discord.voice_state: Starting voice handshake... (connection attempt 1)
[2026-05-27 14:16:32] [INFO] discord.voice_state: Voice handshake complete. Endpoint found: c-sin21-c9ca539d.discord.media:8443
[2026-05-27 14:16:32] [INFO] discord.voice_state: Voice connection complete.
[2026-05-27 14:19:10] [INFO] discord.player: ffmpeg process 9116 successfully terminated with return code of 0.
[2026-05-27 14:22:56] [INFO] discord.player: ffmpeg process 8388 successfully terminated with return code of 0.
